This is pdfTeX, Version 3.141592653-2.6-1.40.25 (MiKTeX 23.12) (preloaded format=pdflatex 2024.1.30)  9 JAN 2025 11:28
entering extended mode
 \write18 enabled.
 %&-line parsing enabled.
**\def\tikzexternalrealjob{Thesis}\input{Thesis}
(Thesis.tex (/home/fmccastro/.miktex/texmfs/install/tex/latex/base/report.cls
Document Class: report 2023/05/17 v1.4n Standard LaTeX document class
(/home/fmccastro/.miktex/texmfs/install/tex/latex/base/size10.clo
File: size10.clo 2023/05/17 v1.4n Standard LaTeX file (size option)
)
\c@part=\count187
\c@chapter=\count188
\c@section=\count189
\c@subsection=\count190
\c@subsubsection=\count191
\c@paragraph=\count192
\c@subparagraph=\count193
\c@figure=\count194
\c@table=\count195
\abovecaptionskip=\skip48
\belowcaptionskip=\skip49
\bibindent=\dimen140
) (Thesis_Preamble.tex (/home/fmccastro/.miktex/texmfs/install/tex/latex/natbib
/natbib.sty
Package: natbib 2010/09/13 8.31b (PWD, AO)
\bibhang=\skip50
\bibsep=\skip51
LaTeX Info: Redefining \cite on input line 694.
\c@NAT@ctr=\count196
) (/home/fmccastro/.miktex/texmfs/install/tex/latex/notoccite/notoccite.sty
Package: notoccite 2000/07/20
) (/home/fmccastro/.miktex/texmfs/install/tex/latex/base/inputenc.sty
Package: inputenc 2021/02/14 v1.3d Input encoding file
\inpenc@prehook=\toks17
\inpenc@posthook=\toks18
) (/home/fmccastro/.miktex/texmfs/install/tex/generic/babel/babel.sty
Package: babel 2024/01/07 v24.1 The Babel package
\babel@savecnt=\count197
\U@D=\dimen141
\l@unhyphenated=\language79
(/home/fmccastro/.miktex/texmfs/install/tex/generic/babel/txtbabel.def)
\bbl@readstream=\read2
\bbl@dirlevel=\count198
*************************************
* Local config file bblopts.cfg used
*
(/home/fmccastro/.miktex/texmfs/install/tex/latex/arabi/bblopts.cfg
File: bblopts.cfg 2005/09/08 v0.1 add Arabic and Farsi to "declared" options of
 babel
) (/home/fmccastro/.miktex/texmfs/install/tex/latex/babel-english/english.ldf
Language: english 2017/06/06 v3.3r English support from the babel system
Package babel Info: Hyphen rules for 'canadian' set to \l@english
(babel)             (\language0). Reported on input line 102.
Package babel Info: Hyphen rules for 'australian' set to \l@ukenglish
(babel)             (\language73). Reported on input line 105.
Package babel Info: Hyphen rules for 'newzealand' set to \l@ukenglish
(babel)             (\language73). Reported on input line 108.
))
(/home/fmccastro/.miktex/texmfs/install/tex/generic/babel/locale/en/babel-engli
sh.tex
Package babel Info: Importing font and identification data for english
(babel)             from babel-en.ini. Reported on input line 11.
) (/home/fmccastro/.miktex/texmfs/install/tex/latex/geometry/geometry.sty
Package: geometry 2020/01/02 v5.9 Page Geometry
(/home/fmccastro/.miktex/texmfs/install/tex/latex/graphics/keyval.sty
Package: keyval 2022/05/29 v1.15 key=value parser (DPC)
\KV@toks@=\toks19
) (/home/fmccastro/.miktex/texmfs/install/tex/generic/iftex/ifvtex.sty
Package: ifvtex 2019/10/25 v1.7 ifvtex legacy package. Use iftex instead.
(/home/fmccastro/.miktex/texmfs/install/tex/generic/iftex/iftex.sty
Package: iftex 2022/02/03 v1.0f TeX engine tests
))
\Gm@cnth=\count199
\Gm@cntv=\count266
\c@Gm@tempcnt=\count267
\Gm@bindingoffset=\dimen142
\Gm@wd@mp=\dimen143
\Gm@odd@mp=\dimen144
\Gm@even@mp=\dimen145
\Gm@layoutwidth=\dimen146
\Gm@layoutheight=\dimen147
\Gm@layouthoffset=\dimen148
\Gm@layoutvoffset=\dimen149
\Gm@dimlist=\toks20
(/home/fmccastro/.miktex/texmfs/install/tex/latex/geometry/geometry.cfg)) (/hom
e/fmccastro/.miktex/texmfs/install/tex/latex/setspace/setspace.sty
Package: setspace 2022/12/04 v6.7b set line spacing
) (/home/fmccastro/.miktex/texmfs/install/tex/latex/tools/indentfirst.sty
Package: indentfirst 2023/07/02 v1.03 Indent first paragraph (DPC)
) (/home/fmccastro/.miktex/texmfs/install/tex/latex/graphics/graphicx.sty
Package: graphicx 2021/09/16 v1.2d Enhanced LaTeX Graphics (DPC,SPQR)
(/home/fmccastro/.miktex/texmfs/install/tex/latex/graphics/graphics.sty
Package: graphics 2022/03/10 v1.4e Standard LaTeX Graphics (DPC,SPQR)
(/home/fmccastro/.miktex/texmfs/install/tex/latex/graphics/trig.sty
Package: trig 2021/08/11 v1.11 sin cos tan (DPC)
) (/home/fmccastro/.miktex/texmfs/install/tex/latex/graphics-cfg/graphics.cfg
File: graphics.cfg 2016/06/04 v1.11 sample graphics configuration
)
Package graphics Info: Driver file: pdftex.def on input line 107.
(/home/fmccastro/.miktex/texmfs/install/tex/latex/graphics-def/pdftex.def
File: pdftex.def 2022/09/22 v1.2b Graphics/color driver for pdftex
))
\Gin@req@height=\dimen150
\Gin@req@width=\dimen151
) (/home/fmccastro/.miktex/texmfs/install/tex/latex/amsmath/amsmath.sty
Package: amsmath 2023/05/13 v2.17o AMS math features
\@mathmargin=\skip52
For additional information on amsmath, use the `?' option.
(/home/fmccastro/.miktex/texmfs/install/tex/latex/amsmath/amstext.sty
Package: amstext 2021/08/26 v2.01 AMS text
(/home/fmccastro/.miktex/texmfs/install/tex/latex/amsmath/amsgen.sty
File: amsgen.sty 1999/11/30 v2.0 generic functions
\@emptytoks=\toks21
\ex@=\dimen152
)) (/home/fmccastro/.miktex/texmfs/install/tex/latex/amsmath/amsbsy.sty
Package: amsbsy 1999/11/29 v1.2d Bold Symbols
\pmbraise@=\dimen153
) (/home/fmccastro/.miktex/texmfs/install/tex/latex/amsmath/amsopn.sty
Package: amsopn 2022/04/08 v2.04 operator names
)
\inf@bad=\count268
LaTeX Info: Redefining \frac on input line 234.
\uproot@=\count269
\leftroot@=\count270
LaTeX Info: Redefining \overline on input line 399.
LaTeX Info: Redefining \colon on input line 410.
\classnum@=\count271
\DOTSCASE@=\count272
LaTeX Info: Redefining \ldots on input line 496.
LaTeX Info: Redefining \dots on input line 499.
LaTeX Info: Redefining \cdots on input line 620.
\Mathstrutbox@=\box51
\strutbox@=\box52
LaTeX Info: Redefining \big on input line 722.
LaTeX Info: Redefining \Big on input line 723.
LaTeX Info: Redefining \bigg on input line 724.
LaTeX Info: Redefining \Bigg on input line 725.
\big@size=\dimen154
LaTeX Font Info:    Redeclaring font encoding OML on input line 743.
LaTeX Font Info:    Redeclaring font encoding OMS on input line 744.
\macc@depth=\count273
LaTeX Info: Redefining \bmod on input line 905.
LaTeX Info: Redefining \pmod on input line 910.
LaTeX Info: Redefining \smash on input line 940.
LaTeX Info: Redefining \relbar on input line 970.
LaTeX Info: Redefining \Relbar on input line 971.
\c@MaxMatrixCols=\count274
\dotsspace@=\muskip16
\c@parentequation=\count275
\dspbrk@lvl=\count276
\tag@help=\toks22
\row@=\count277
\column@=\count278
\maxfields@=\count279
\andhelp@=\toks23
\eqnshift@=\dimen155
\alignsep@=\dimen156
\tagshift@=\dimen157
\tagwidth@=\dimen158
\totwidth@=\dimen159
\lineht@=\dimen160
\@envbody=\toks24
\multlinegap=\skip53
\multlinetaggap=\skip54
\mathdisplay@stack=\toks25
LaTeX Info: Redefining \[ on input line 2953.
LaTeX Info: Redefining \] on input line 2954.
) (/home/fmccastro/.miktex/texmfs/install/tex/latex/amscls/amsthm.sty
Package: amsthm 2020/05/29 v2.20.6
\thm@style=\toks26
\thm@bodyfont=\toks27
\thm@headfont=\toks28
\thm@notefont=\toks29
\thm@headpunct=\toks30
\thm@preskip=\skip55
\thm@postskip=\skip56
\thm@headsep=\skip57
\dth@everypar=\toks31
) (/home/fmccastro/.miktex/texmfs/install/tex/latex/amsfonts/amsfonts.sty
Package: amsfonts 2013/01/14 v3.01 Basic AMSFonts support
\symAMSa=\mathgroup4
\symAMSb=\mathgroup5
LaTeX Font Info:    Redeclaring math symbol \hbar on input line 98.
LaTeX Font Info:    Overwriting math alphabet `\mathfrak' in version `bold'
(Font)                  U/euf/m/n --> U/euf/b/n on input line 106.
) (/home/fmccastro/.miktex/texmfs/install/tex/latex/wrapfig/wrapfig.sty
\wrapoverhang=\dimen161
\WF@size=\dimen162
\c@WF@wrappedlines=\count280
\WF@box=\box53
\WF@everypar=\toks32
Package: wrapfig 2003/01/31  v 3.6
) (/home/fmccastro/.miktex/texmfs/install/tex/latex/subfigure/subfigure.sty
Package: subfigure 2002/07/30 v2.1.4 subfigure package
\subfigtopskip=\skip58
\subfigcapskip=\skip59
\subfigcaptopadj=\dimen163
\subfigbottomskip=\skip60
\subfigcapmargin=\dimen164
\subfiglabelskip=\skip61
\c@subfigure=\count281
\c@lofdepth=\count282
\c@subtable=\count283
\c@lotdepth=\count284
****************************************
* Local config file subfigure.cfg used *
****************************************
(/home/fmccastro/.miktex/texmfs/install/tex/latex/subfigure/subfigure.cfg)
\subfig@top=\skip62
\subfig@bottom=\skip63
) (/home/fmccastro/.miktex/texmfs/install/tex/latex/subfigmat/subfigmat.sty
Package: subfigmat 1999/02/27 v1.0 Subfigure Matrix Package
\sfm@width=\skip64
\sfmcolsep=\skip65
\c@sfm@count=\count285
) (/home/fmccastro/.miktex/texmfs/install/tex/latex/tools/dcolumn.sty
Package: dcolumn 2023/07/08 v1.06 decimal alignment package (DPC)
(/home/fmccastro/.miktex/texmfs/install/tex/latex/tools/array.sty
Package: array 2023/10/16 v2.5g Tabular extension package (FMi)
\col@sep=\dimen165
\ar@mcellbox=\box54
\extrarowheight=\dimen166
\NC@list=\toks33
\extratabsurround=\skip66
\backup@length=\skip67
\ar@cellbox=\box55
)) (/home/fmccastro/.miktex/texmfs/install/tex/latex/nomencl/nomencl.sty
Package: nomencl 2021/11/10 v5.6 Nomenclature package
(/home/fmccastro/.miktex/texmfs/install/tex/latex/xkeyval/xkeyval.sty
Package: xkeyval 2022/06/16 v2.9 package option processing (HA)
(/home/fmccastro/.miktex/texmfs/install/tex/generic/xkeyval/xkeyval.tex (/home/
fmccastro/.miktex/texmfs/install/tex/generic/xkeyval/xkvutils.tex
\XKV@toks=\toks34
\XKV@tempa@toks=\toks35
)
\XKV@depth=\count286
File: xkeyval.tex 2014/12/03 v2.7a key=value parser (HA)
)) (/home/fmccastro/.miktex/texmfs/install/tex/latex/base/ifthen.sty
Package: ifthen 2022/04/13 v1.1d Standard LaTeX ifthen package (DPC)
) (/home/fmccastro/.miktex/texmfs/install/tex/latex/koma-script/tocbasic.sty
Package: tocbasic 2023/07/07 v3.41 KOMA-Script package (handling toc-files)
(/home/fmccastro/.miktex/texmfs/install/tex/latex/koma-script/scrbase.sty
Package: scrbase 2023/07/07 v3.41 KOMA-Script package (KOMA-Script-independent 
basics and keyval usage)
(/home/fmccastro/.miktex/texmfs/install/tex/latex/koma-script/scrlfile.sty
Package: scrlfile 2023/07/07 v3.41 KOMA-Script package (file load hooks)

(/home/fmccastro/.miktex/texmfs/install/tex/latex/koma-script/scrlfile-hook.sty
Package: scrlfile-hook 2023/07/07 v3.41 KOMA-Script package (using LaTeX hooks)

(/home/fmccastro/.miktex/texmfs/install/tex/latex/koma-script/scrlogo.sty
Package: scrlogo 2023/07/07 v3.41 KOMA-Script package (logo)
)))
Applying: [2021/05/01] Usage of raw or classic option list on input line 252.
Already applied: [0000/00/00] Usage of raw or classic option list on input line
 368.
)
\scr@dte@tocline@numberwidth=\skip68
\scr@dte@tocline@numbox=\box56
)
Package tocbasic Info: setting babel extension for `nlo' on input line 187.
Package tocbasic Info: setting babel extension for `nls' on input line 188.
\nomlabelwidth=\dimen167
\nom@tempdim=\dimen168
\nomitemsep=\skip69
)
\@nomenclaturefile=\write3
\openout3 = `Thesis-figure2.nlo'.

Package nomencl Info: Writing nomenclature file Thesis-figure2.nlo on input lin
e 401.
(/home/fmccastro/.miktex/texmfs/install/tex/latex/etoolbox/etoolbox.sty
Package: etoolbox 2020/10/05 v2.5k e-TeX tools for LaTeX (JAW)
\etb@tempcnta=\count287
)
(/home/fmccastro/.miktex/texmfs/install/tex/latex/glossaries/base/glossaries.st
y
Package: glossaries 2023/09/29 v4.53 (NLCT)
(/home/fmccastro/.miktex/texmfs/install/tex/latex/mfirstuc/mfirstuc.sty
Package: mfirstuc 2022/10/14 v2.08 (NLCT)
\@glsmfirst=\toks36
\@glsmrest=\toks37
) (/home/fmccastro/.miktex/texmfs/install/tex/latex/xfor/xfor.sty
Package: xfor 2009/02/05 v1.05 (NLCT)
) (/home/fmccastro/.miktex/texmfs/install/tex/latex/datatool/datatool-base.sty
Package: datatool-base 2019/09/27 v2.32 (NLCT)
(/home/fmccastro/.miktex/texmfs/install/tex/latex/substr/substr.sty
Package: substr 2009/10/20 v1.2 Handle substrings
\c@su@anzahl=\count288
) (/home/fmccastro/.miktex/texmfs/install/tex/latex/datatool/datatool-fp.sty
Package: datatool-fp 2019/09/27 v2.32 (NLCT)
(/home/fmccastro/.miktex/texmfs/install/tex/latex/fp/fp.sty
Package: fp 1995/04/02
`Fixed Point Package', Version 0.8, April 2, 1995 (C) Michael Mehlich (/home/fm
ccastro/.miktex/texmfs/install/tex/latex/fp/defpattern.sty
Package: defpattern 1994/10/12
\actioncount=\count289
) (/home/fmccastro/.miktex/texmfs/install/tex/latex/fp/fp-basic.sty
Package: fp-basic 1996/05/13
\FP@xs=\count290
\FP@xia=\count291
\FP@xib=\count292
\FP@xfa=\count293
\FP@xfb=\count294
\FP@rega=\count295
\FP@regb=\count296
\FP@regs=\count297
\FP@times=\count298
) (/home/fmccastro/.miktex/texmfs/install/tex/latex/fp/fp-addons.sty
Package: fp-addons 1995/03/15
) (/home/fmccastro/.miktex/texmfs/install/tex/latex/fp/fp-snap.sty
Package: fp-snap 1995/04/05
) (/home/fmccastro/.miktex/texmfs/install/tex/latex/fp/fp-exp.sty
Package: fp-exp 1995/04/03
) (/home/fmccastro/.miktex/texmfs/install/tex/latex/fp/fp-trigo.sty
Package: fp-trigo 1995/04/14
) (/home/fmccastro/.miktex/texmfs/install/tex/latex/fp/fp-pas.sty
Package: fp-pas 1994/08/29
) (/home/fmccastro/.miktex/texmfs/install/tex/latex/fp/fp-random.sty
Package: fp-random 1995/02/23
\FPseed=\count299
) (/home/fmccastro/.miktex/texmfs/install/tex/latex/fp/fp-eqn.sty
Package: fp-eqn 1995/04/03
) (/home/fmccastro/.miktex/texmfs/install/tex/latex/fp/fp-upn.sty
Package: fp-upn 1996/10/21
) (/home/fmccastro/.miktex/texmfs/install/tex/latex/fp/fp-eval.sty
Package: fp-eval 1995/04/03
)))
\@dtl@toks=\toks38
\@dtl@tmpcount=\count300
\dtl@tmplength=\skip70
\dtl@sortresult=\count301
\@dtl@numgrpsepcount=\count302
\@dtl@datatype=\count303
\dtl@codeA=\count304
\dtl@codeB=\count305
\@dtl@foreach@level=\count306
) (/home/fmccastro/.miktex/texmfs/install/tex/latex/tracklang/tracklang.sty
Package: tracklang 2022/12/13 v1.6.1 (NLCT) Track Languages
(/home/fmccastro/.miktex/texmfs/install/tex/generic/tracklang/tracklang.tex)) (
/home/fmccastro/.miktex/texmfs/install/tex/latex/translator/translator.sty
Package: translator 2021-05-31 v1.12d Easy translation of strings in LaTeX
)
(/home/fmccastro/.miktex/texmfs/install/tex/latex/glossaries-english/glossaries
-english.ldf
File: glossaries-english.ldf 2014/11/23 v1.0
)
\gls@level=\count307
\@gls@tmpb=\toks39
\gls@tmplen=\skip71
\glskeylisttok=\toks40
\glslabeltok=\toks41
\glsshorttok=\toks42
\glslongtok=\toks43

(/home/fmccastro/.miktex/texmfs/install/tex/latex/glossaries/styles/glossary-hy
pernav.sty
Package: glossary-hypernav 2023/09/29 v4.53 (NLCT)
)
(/home/fmccastro/.miktex/texmfs/install/tex/latex/glossaries/styles/glossary-li
st.sty
Package: glossary-list 2023/09/29 v4.53 (NLCT)
\glslistdottedwidth=\skip72
)
(/home/fmccastro/.miktex/texmfs/install/tex/latex/glossaries/styles/glossary-lo
ng.sty
Package: glossary-long 2023/09/29 v4.53 (NLCT)
(/home/fmccastro/.miktex/texmfs/install/tex/latex/tools/longtable.sty
Package: longtable 2023-11-01 v4.19 Multi-page Table package (DPC)
\LTleft=\skip73
\LTright=\skip74
\LTpre=\skip75
\LTpost=\skip76
\LTchunksize=\count308
\LTcapwidth=\dimen169
\LT@head=\box57
\LT@firsthead=\box58
\LT@foot=\box59
\LT@lastfoot=\box60
\LT@gbox=\box61
\LT@cols=\count309
\LT@rows=\count310
\c@LT@tables=\count311
\c@LT@chunks=\count312
\LT@p@ftn=\toks44
)
\glsdescwidth=\skip77
\glspagelistwidth=\skip78
)
(/home/fmccastro/.miktex/texmfs/install/tex/latex/glossaries/styles/glossary-su
per.sty
Package: glossary-super 2023/09/29 v4.53 (NLCT)

(/home/fmccastro/.miktex/texmfs/install/tex/latex/supertabular/supertabular.sty
Package: supertabular 2020/02/02 v4.1g the supertabular environment
\c@tracingst=\count313
\ST@wd=\dimen170
\ST@rightskip=\skip79
\ST@leftskip=\skip80
\ST@parfillskip=\skip81
\ST@pageleft=\dimen171
\ST@headht=\dimen172
\ST@tailht=\dimen173
\ST@pagesofar=\dimen174
\ST@pboxht=\dimen175
\ST@lineht=\dimen176
\ST@prevht=\dimen177
\ST@toadd=\dimen178
\ST@dimen=\dimen179
\ST@pbox=\box62
))
(/home/fmccastro/.miktex/texmfs/install/tex/latex/glossaries/styles/glossary-tr
ee.sty
Package: glossary-tree 2023/09/29 v4.53 (NLCT)
\glstreeindent=\skip82
))

Package glossaries Warning: can't automake `main': Thesis-figure2.glo doesn't e
xist. Rerun may be required on input line 426.


Package glossaries Warning: can't automake `acronym': Thesis-figure2.acn doesn'
t exist. Rerun may be required on input line 426.

\glswrite=\write4
\glo@main@file=\write5
\openout5 = `Thesis-figure2.glo'.

Package glossaries Info: Writing glossary file Thesis-figure2.glo on input line
 426.
\glo@acronym@file=\write6
\openout6 = `Thesis-figure2.acn'.

Package glossaries Info: Writing glossary file Thesis-figure2.acn on input line
 426.
(/home/fmccastro/.miktex/texmfs/install/tex/latex/graphics/rotating.sty
Package: rotating 2016/08/11 v2.16d rotated objects in LaTeX
\c@r@tfl@t=\count314
\rotFPtop=\skip83
\rotFPbot=\skip84
\rot@float@box=\box63
\rot@mess@toks=\toks45
) (/home/fmccastro/.miktex/texmfs/install/tex/latex/hyperref/hyperref.sty
Package: hyperref 2024-01-20 v7.01h Hypertext links for LaTeX
(/home/fmccastro/.miktex/texmfs/install/tex/latex/kvsetkeys/kvsetkeys.sty
Package: kvsetkeys 2022-10-05 v1.19 Key value parser (HO)
)
(/home/fmccastro/.miktex/texmfs/install/tex/generic/kvdefinekeys/kvdefinekeys.s
ty
Package: kvdefinekeys 2019-12-19 v1.6 Define keys (HO)
) (/home/fmccastro/.miktex/texmfs/install/tex/generic/pdfescape/pdfescape.sty
Package: pdfescape 2019/12/09 v1.15 Implements pdfTeX's escape features (HO)
(/home/fmccastro/.miktex/texmfs/install/tex/generic/ltxcmds/ltxcmds.sty
Package: ltxcmds 2023-12-04 v1.26 LaTeX kernel commands for general use (HO)
) (/home/fmccastro/.miktex/texmfs/install/tex/generic/pdftexcmds/pdftexcmds.sty
Package: pdftexcmds 2020-06-27 v0.33 Utility functions of pdfTeX for LuaTeX (HO
)
(/home/fmccastro/.miktex/texmfs/install/tex/generic/infwarerr/infwarerr.sty
Package: infwarerr 2019/12/03 v1.5 Providing info/warning/error messages (HO)
)
Package pdftexcmds Info: \pdf@primitive is available.
Package pdftexcmds Info: \pdf@ifprimitive is available.
Package pdftexcmds Info: \pdfdraftmode found.
)) (/home/fmccastro/.miktex/texmfs/install/tex/latex/hycolor/hycolor.sty
Package: hycolor 2020-01-27 v1.10 Color options for hyperref/bookmark (HO)
) (/home/fmccastro/.miktex/texmfs/install/tex/latex/auxhook/auxhook.sty
Package: auxhook 2019-12-17 v1.6 Hooks for auxiliary files (HO)
) (/home/fmccastro/.miktex/texmfs/install/tex/latex/hyperref/nameref.sty
Package: nameref 2023-11-26 v2.56 Cross-referencing by name of section
(/home/fmccastro/.miktex/texmfs/install/tex/latex/refcount/refcount.sty
Package: refcount 2019/12/15 v3.6 Data extraction from label references (HO)
)
(/home/fmccastro/.miktex/texmfs/install/tex/generic/gettitlestring/gettitlestri
ng.sty
Package: gettitlestring 2019/12/15 v1.6 Cleanup title references (HO)
(/home/fmccastro/.miktex/texmfs/install/tex/latex/kvoptions/kvoptions.sty
Package: kvoptions 2022-06-15 v3.15 Key value format for package options (HO)
))
\c@section@level=\count315
)
\@linkdim=\dimen180
\Hy@linkcounter=\count316
\Hy@pagecounter=\count317
(/home/fmccastro/.miktex/texmfs/install/tex/latex/hyperref/pd1enc.def
File: pd1enc.def 2024-01-20 v7.01h Hyperref: PDFDocEncoding definition (HO)
Now handling font encoding PD1 ...
... no UTF-8 mapping file for font encoding PD1
) (/home/fmccastro/.miktex/texmfs/install/tex/generic/intcalc/intcalc.sty
Package: intcalc 2019/12/15 v1.3 Expandable calculations with integers (HO)
)
\Hy@SavedSpaceFactor=\count318
(/home/fmccastro/.miktex/texmfs/install/tex/latex/hyperref/puenc.def
File: puenc.def 2024-01-20 v7.01h Hyperref: PDF Unicode definition (HO)
Now handling font encoding PU ...
... no UTF-8 mapping file for font encoding PU
)
Package hyperref Info: Hyper figures OFF on input line 4179.
Package hyperref Info: Link nesting OFF on input line 4184.
Package hyperref Info: Hyper index ON on input line 4187.
Package hyperref Info: Plain pages OFF on input line 4194.
Package hyperref Info: Backreferencing OFF on input line 4199.
Package hyperref Info: Implicit mode ON; LaTeX internals redefined.
Package hyperref Info: Bookmarks ON on input line 4446.
\c@Hy@tempcnt=\count319
(/home/fmccastro/.miktex/texmfs/install/tex/latex/url/url.sty
\Urlmuskip=\muskip17
Package: url 2013/09/16  ver 3.4  Verb mode for urls, etc.
)
LaTeX Info: Redefining \url on input line 4784.
\XeTeXLinkMargin=\dimen181
(/home/fmccastro/.miktex/texmfs/install/tex/generic/bitset/bitset.sty
Package: bitset 2019/12/09 v1.3 Handle bit-vector datatype (HO)
(/home/fmccastro/.miktex/texmfs/install/tex/generic/bigintcalc/bigintcalc.sty
Package: bigintcalc 2019/12/15 v1.5 Expandable calculations on big integers (HO
)
))
\Fld@menulength=\count320
\Field@Width=\dimen182
\Fld@charsize=\dimen183
Package hyperref Info: Hyper figures OFF on input line 6063.
Package hyperref Info: Link nesting OFF on input line 6068.
Package hyperref Info: Hyper index ON on input line 6071.
Package hyperref Info: backreferencing OFF on input line 6078.
Package hyperref Info: Link coloring OFF on input line 6083.
Package hyperref Info: Link coloring with OCG OFF on input line 6088.
Package hyperref Info: PDF/A mode OFF on input line 6093.
(/home/fmccastro/.miktex/texmfs/install/tex/latex/base/atbegshi-ltx.sty
Package: atbegshi-ltx 2021/01/10 v1.0c Emulation of the original atbegshi
package with kernel methods
)
\Hy@abspage=\count321
\c@Item=\count322
\c@Hfootnote=\count323
)
Package hyperref Info: Driver: hpdftex.
(/home/fmccastro/.miktex/texmfs/install/tex/latex/hyperref/hpdftex.def
File: hpdftex.def 2024-01-20 v7.01h Hyperref driver for pdfTeX
(/home/fmccastro/.miktex/texmfs/install/tex/latex/base/atveryend-ltx.sty
Package: atveryend-ltx 2020/08/19 v1.0a Emulation of the original atveryend pac
kage
with kernel methods
)
\Fld@listcount=\count324
\c@bookmark@seq@number=\count325

(/home/fmccastro/.miktex/texmfs/install/tex/latex/rerunfilecheck/rerunfilecheck
.sty
Package: rerunfilecheck 2022-07-10 v1.10 Rerun checks for auxiliary files (HO)

(/home/fmccastro/.miktex/texmfs/install/tex/generic/uniquecounter/uniquecounter
.sty
Package: uniquecounter 2019/12/15 v1.4 Provide unlimited unique counter (HO)
)
Package uniquecounter Info: New unique counter `rerunfilecheck' on input line 2
85.
)
\Hy@SectionHShift=\skip85
)
Package hyperref Info: Option `colorlinks' set `true' on input line 475.

Package hyperref Warning: Option `pagecolor' is not available anymore.


Package hyperref Warning: Option `bookmarks' has already been used,
(hyperref)                setting the option has no effect on input line 475.

Package hyperref Info: Option `bookmarksopen' set `false' on input line 475.
Package hyperref Info: Option `bookmarksnumbered' set `true' on input line 475.

Package hyperref Info: Option `pdfdisplaydoctitle' set `true' on input line 475
.
(/home/fmccastro/.miktex/texmfs/install/tex/latex/oberdiek/hypcap.sty
Package: hypcap 2016/05/16 v1.12 Adjusting the anchors of captions (HO)
(/home/fmccastro/.miktex/texmfs/install/tex/latex/letltxmacro/letltxmacro.sty
Package: letltxmacro 2019/12/03 v1.6 Let assignment for LaTeX macros (HO)
)) (/home/fmccastro/.miktex/texmfs/install/tex/latex/cleveref/cleveref.sty
Package: cleveref 2018/03/27 v0.21.4 Intelligent cross-referencing
Package cleveref Info: `hyperref' support loaded on input line 2370.
LaTeX Info: Redefining \cref on input line 2370.
LaTeX Info: Redefining \Cref on input line 2370.
LaTeX Info: Redefining \crefrange on input line 2370.
LaTeX Info: Redefining \Crefrange on input line 2370.
LaTeX Info: Redefining \cpageref on input line 2370.
LaTeX Info: Redefining \Cpageref on input line 2370.
LaTeX Info: Redefining \cpagerefrange on input line 2370.
LaTeX Info: Redefining \Cpagerefrange on input line 2370.
LaTeX Info: Redefining \labelcref on input line 2370.
LaTeX Info: Redefining \labelcpageref on input line 2370.
Package cleveref Info: `amsthm' support loaded on input line 3026.
) (/home/fmccastro/.miktex/texmfs/install/tex/latex/multirow/multirow.sty
Package: multirow 2021/03/15 v2.8 Span multiple rows of a table
\multirow@colwidth=\skip86
\multirow@cntb=\count326
\multirow@dima=\skip87
\bigstrutjot=\dimen184
) (/home/fmccastro/.miktex/texmfs/install/tex/latex/booktabs/booktabs.sty
Package: booktabs 2020/01/12 v1.61803398 Publication quality tables
\heavyrulewidth=\dimen185
\lightrulewidth=\dimen186
\cmidrulewidth=\dimen187
\belowrulesep=\dimen188
\belowbottomsep=\dimen189
\aboverulesep=\dimen190
\abovetopsep=\dimen191
\cmidrulesep=\dimen192
\cmidrulekern=\dimen193
\defaultaddspace=\dimen194
\@cmidla=\count327
\@cmidlb=\count328
\@aboverulesep=\dimen195
\@belowrulesep=\dimen196
\@thisruleclass=\count329
\@lastruleclass=\count330
\@thisrulewidth=\dimen197
) (/home/fmccastro/.miktex/texmfs/install/tex/latex/pdfpages/pdfpages.sty
Package: pdfpages 2024/01/21 v0.5y Insert pages of external PDF documents (AM)
(/home/fmccastro/.miktex/texmfs/install/tex/latex/tools/calc.sty
Package: calc 2023/07/08 v4.3 Infix arithmetic (KKT,FJ)
\calc@Acount=\count331
\calc@Bcount=\count332
\calc@Adimen=\dimen198
\calc@Bdimen=\dimen199
\calc@Askip=\skip88
\calc@Bskip=\skip89
LaTeX Info: Redefining \setlength on input line 80.
LaTeX Info: Redefining \addtolength on input line 81.
\calc@Ccount=\count333
\calc@Cskip=\skip90
) (/home/fmccastro/.miktex/texmfs/install/tex/latex/eso-pic/eso-pic.sty
Package: eso-pic 2023/05/03 v3.0c eso-pic (RN)
\ESO@tempdima=\dimen256
\ESO@tempdimb=\dimen257
(/home/fmccastro/.miktex/texmfs/install/tex/latex/xcolor/xcolor.sty
Package: xcolor 2023/11/15 v3.01 LaTeX color extensions (UK)
(/home/fmccastro/.miktex/texmfs/install/tex/latex/graphics-cfg/color.cfg
File: color.cfg 2016/01/02 v1.6 sample color configuration
)
Package xcolor Info: Driver file: pdftex.def on input line 274.
(/home/fmccastro/.miktex/texmfs/install/tex/latex/graphics/mathcolor.ltx)
Package xcolor Info: Model `cmy' substituted by `cmy0' on input line 1350.
Package xcolor Info: Model `hsb' substituted by `rgb' on input line 1354.
Package xcolor Info: Model `RGB' extended on input line 1366.
Package xcolor Info: Model `HTML' substituted by `rgb' on input line 1368.
Package xcolor Info: Model `Hsb' substituted by `hsb' on input line 1369.
Package xcolor Info: Model `tHsb' substituted by `hsb' on input line 1370.
Package xcolor Info: Model `HSB' substituted by `hsb' on input line 1371.
Package xcolor Info: Model `Gray' substituted by `gray' on input line 1372.
Package xcolor Info: Model `wave' substituted by `hsb' on input line 1373.
))
\AM@pagewidth=\dimen258
\AM@pageheight=\dimen259
\AM@fboxrule=\dimen260
(/home/fmccastro/.miktex/texmfs/install/tex/latex/pdfpages/pppdftex.def
File: pppdftex.def 2024/01/21 v0.5y Pdfpages driver for pdfTeX (AM)
)
\pdfpages@includegraphics@status=\count334
\AM@pagebox=\box64
\AM@global@opts=\toks46
\AM@pagecnt=\count335
\AM@toc@title=\toks47
\AM@lof@heading=\toks48
\c@AM@survey=\count336
\AM@templatesizebox=\box65
) (/home/fmccastro/.miktex/texmfs/install/tex/latex/algorithms/algorithm.sty
Package: algorithm 2009/08/24 v0.1 Document Style `algorithm' - floating enviro
nment
(/home/fmccastro/.miktex/texmfs/install/tex/latex/float/float.sty
Package: float 2001/11/08 v1.3d Float enhancements (AL)
\c@float@type=\count337
\float@exts=\toks49
\float@box=\box66
\@float@everytoks=\toks50
\@floatcapt=\box67
)
\@float@every@algorithm=\toks51
\c@algorithm=\count338
)
(/home/fmccastro/.miktex/texmfs/install/tex/latex/algorithmicx/algpseudocode.st
y
Package: algpseudocode 

(/home/fmccastro/.miktex/texmfs/install/tex/latex/algorithmicx/algorithmicx.sty
Package: algorithmicx 2005/04/27 v1.2 Algorithmicx
Document Style algorithmicx 1.2 - a greatly improved `algorithmic' style
\c@ALG@line=\count339
\c@ALG@rem=\count340
\c@ALG@nested=\count341
\ALG@tlm=\skip91
\ALG@thistlm=\skip92
\c@ALG@Lnr=\count342
\c@ALG@blocknr=\count343
\c@ALG@storecount=\count344
\c@ALG@tmpcounter=\count345
\ALG@tmplength=\skip93
)
Document Style - pseudocode environments for use with the `algorithmicx' style
) (/home/fmccastro/.miktex/texmfs/install/tex/latex/svg/svg.sty
Package: svg 2020/11/26 v2.02k (include SVG pictures)
(/home/fmccastro/.miktex/texmfs/install/tex/latex/trimspaces/trimspaces.sty
Package: trimspaces 2009/09/17 v1.1 Trim spaces around a token list
) (/home/fmccastro/.miktex/texmfs/install/tex/latex/tools/shellesc.sty
Package: shellesc 2023/07/08 v1.0d unified shell escape interface for LaTeX
Package shellesc Info: Unrestricted shell escape enabled on input line 75.
) (/home/fmccastro/.miktex/texmfs/install/tex/latex/ifplatform/ifplatform.sty
Package: ifplatform 2017/10/13 v0.4a Testing for the operating system
(/home/fmccastro/.miktex/texmfs/install/tex/generic/catchfile/catchfile.sty
Package: catchfile 2019/12/09 v1.8 Catch the contents of a file (HO)
(/home/fmccastro/.miktex/texmfs/install/tex/generic/etexcmds/etexcmds.sty
Package: etexcmds 2019/12/15 v1.7 Avoid name clashes with e-TeX commands (HO)
)) (/home/fmccastro/.miktex/texmfs/install/tex/generic/iftex/ifluatex.sty
Package: ifluatex 2019/10/25 v1.5 ifluatex legacy package. Use iftex instead.
)
runsystem(uname -s > "Thesis-figure2.w18")...executed.

(Thesis-figure2.w18)
runsystem(rm -- "Thesis-figure2.w18")...executed.

)
\c@svg@param@lastpage=\count346
\svg@box=\box68
\c@svg@param@currpage=\count347
) (/home/fmccastro/.miktex/texmfs/install/tex/latex/transparent/transparent.sty
Package: transparent 2022-10-27 v1.5 Transparency with color stacks

(/home/fmccastro/.miktex/texmfs/install/tex/latex/transparent/transparent-nomet
adata.sty
Package: transparent-nometadata 2022-10-27 v1.5 Transparency via pdfTeX's color
 stack (HO)
)) (/home/fmccastro/.miktex/texmfs/install/tex/latex/pgf/systemlayer/pgfsys.sty
(/home/fmccastro/.miktex/texmfs/install/tex/latex/pgf/utilities/pgfrcs.sty
(/home/fmccastro/.miktex/texmfs/install/tex/generic/pgf/utilities/pgfutil-commo
n.tex
\pgfutil@everybye=\toks52
\pgfutil@tempdima=\dimen261
\pgfutil@tempdimb=\dimen262
)
(/home/fmccastro/.miktex/texmfs/install/tex/generic/pgf/utilities/pgfutil-latex
.def
\pgfutil@abb=\box69
)
(/home/fmccastro/.miktex/texmfs/install/tex/generic/pgf/utilities/pgfrcs.code.t
ex (/home/fmccastro/.miktex/texmfs/install/tex/generic/pgf/pgf.revision.tex)
Package: pgfrcs 2023-01-15 v3.1.10 (3.1.10)
))
(/home/fmccastro/.miktex/texmfs/install/tex/generic/pgf/systemlayer/pgfsys.code
.tex
Package: pgfsys 2023-01-15 v3.1.10 (3.1.10)

(/home/fmccastro/.miktex/texmfs/install/tex/generic/pgf/utilities/pgfkeys.code.
tex
\pgfkeys@pathtoks=\toks53
\pgfkeys@temptoks=\toks54

(/home/fmccastro/.miktex/texmfs/install/tex/generic/pgf/utilities/pgfkeyslibrar
yfiltered.code.tex
\pgfkeys@tmptoks=\toks55
))
\pgf@x=\dimen263
\pgf@y=\dimen264
\pgf@xa=\dimen265
\pgf@ya=\dimen266
\pgf@xb=\dimen267
\pgf@yb=\dimen268
\pgf@xc=\dimen269
\pgf@yc=\dimen270
\pgf@xd=\dimen271
\pgf@yd=\dimen272
\w@pgf@writea=\write7
\r@pgf@reada=\read3
\c@pgf@counta=\count348
\c@pgf@countb=\count349
\c@pgf@countc=\count350
\c@pgf@countd=\count351
\t@pgf@toka=\toks56
\t@pgf@tokb=\toks57
\t@pgf@tokc=\toks58
\pgf@sys@id@count=\count352
(/home/fmccastro/.miktex/texmfs/install/tex/generic/pgf/systemlayer/pgf.cfg
File: pgf.cfg 2023-01-15 v3.1.10 (3.1.10)
)
Driver file for pgf: pgfsys-pdftex.def

(/home/fmccastro/.miktex/texmfs/install/tex/generic/pgf/systemlayer/pgfsys-pdft
ex.def
File: pgfsys-pdftex.def 2023-01-15 v3.1.10 (3.1.10)

(/home/fmccastro/.miktex/texmfs/install/tex/generic/pgf/systemlayer/pgfsys-comm
on-pdf.def
File: pgfsys-common-pdf.def 2023-01-15 v3.1.10 (3.1.10)
)))
(/home/fmccastro/.miktex/texmfs/install/tex/generic/pgf/systemlayer/pgfsyssoftp
ath.code.tex
File: pgfsyssoftpath.code.tex 2023-01-15 v3.1.10 (3.1.10)
\pgfsyssoftpath@smallbuffer@items=\count353
\pgfsyssoftpath@bigbuffer@items=\count354
)
(/home/fmccastro/.miktex/texmfs/install/tex/generic/pgf/systemlayer/pgfsysproto
col.code.tex
File: pgfsysprotocol.code.tex 2023-01-15 v3.1.10 (3.1.10)
)) (/home/fmccastro/.miktex/texmfs/install/tex/latex/arydshln/arydshln.sty
Package: arydshln 2019/02/21 v1.76 
\dashlinedash=\dimen273
\dashlinegap=\dimen274
\adl@box=\box70
\adl@height=\dimen275
\adl@heightsave=\dimen276
\adl@depth=\dimen277
\adl@depthsave=\dimen278
\adl@finaldepth=\dimen279
\adl@columns=\count355
\adl@ncol=\count356
\adl@currentcolumn=\count357
\adl@currentcolumnsave=\count358
\adl@totalheight=\count359
\adl@totalheightsave=\count360
\adl@dash=\count361
\adl@gap=\count362
\adl@cla=\count363
\adl@clb=\count364
\adl@everyvbox=\toks59
\adl@LTpagetotal=\dimen280
) (/home/fmccastro/.miktex/texmfs/install/tex/latex/pgf/frontendlayer/tikz.sty 
(/home/fmccastro/.miktex/texmfs/install/tex/latex/pgf/basiclayer/pgf.sty
Package: pgf 2023-01-15 v3.1.10 (3.1.10)
(/home/fmccastro/.miktex/texmfs/install/tex/latex/pgf/basiclayer/pgfcore.sty
(/home/fmccastro/.miktex/texmfs/install/tex/generic/pgf/basiclayer/pgfcore.code
.tex
Package: pgfcore 2023-01-15 v3.1.10 (3.1.10)
(/home/fmccastro/.miktex/texmfs/install/tex/generic/pgf/math/pgfmath.code.tex
(/home/fmccastro/.miktex/texmfs/install/tex/generic/pgf/math/pgfmathutil.code.t
ex)
(/home/fmccastro/.miktex/texmfs/install/tex/generic/pgf/math/pgfmathparser.code
.tex
\pgfmath@dimen=\dimen281
\pgfmath@count=\count365
\pgfmath@box=\box71
\pgfmath@toks=\toks60
\pgfmath@stack@operand=\toks61
\pgfmath@stack@operation=\toks62
)
(/home/fmccastro/.miktex/texmfs/install/tex/generic/pgf/math/pgfmathfunctions.c
ode.tex)
(/home/fmccastro/.miktex/texmfs/install/tex/generic/pgf/math/pgfmathfunctions.b
asic.code.tex)
(/home/fmccastro/.miktex/texmfs/install/tex/generic/pgf/math/pgfmathfunctions.t
rigonometric.code.tex)
(/home/fmccastro/.miktex/texmfs/install/tex/generic/pgf/math/pgfmathfunctions.r
andom.code.tex)
(/home/fmccastro/.miktex/texmfs/install/tex/generic/pgf/math/pgfmathfunctions.c
omparison.code.tex)
(/home/fmccastro/.miktex/texmfs/install/tex/generic/pgf/math/pgfmathfunctions.b
ase.code.tex)
(/home/fmccastro/.miktex/texmfs/install/tex/generic/pgf/math/pgfmathfunctions.r
ound.code.tex)
(/home/fmccastro/.miktex/texmfs/install/tex/generic/pgf/math/pgfmathfunctions.m
isc.code.tex)
(/home/fmccastro/.miktex/texmfs/install/tex/generic/pgf/math/pgfmathfunctions.i
ntegerarithmetics.code.tex)
(/home/fmccastro/.miktex/texmfs/install/tex/generic/pgf/math/pgfmathcalc.code.t
ex)
(/home/fmccastro/.miktex/texmfs/install/tex/generic/pgf/math/pgfmathfloat.code.
tex
\c@pgfmathroundto@lastzeros=\count366
)) (/home/fmccastro/.miktex/texmfs/install/tex/generic/pgf/math/pgfint.code.tex
)
(/home/fmccastro/.miktex/texmfs/install/tex/generic/pgf/basiclayer/pgfcorepoint
s.code.tex
File: pgfcorepoints.code.tex 2023-01-15 v3.1.10 (3.1.10)
\pgf@picminx=\dimen282
\pgf@picmaxx=\dimen283
\pgf@picminy=\dimen284
\pgf@picmaxy=\dimen285
\pgf@pathminx=\dimen286
\pgf@pathmaxx=\dimen287
\pgf@pathminy=\dimen288
\pgf@pathmaxy=\dimen289
\pgf@xx=\dimen290
\pgf@xy=\dimen291
\pgf@yx=\dimen292
\pgf@yy=\dimen293
\pgf@zx=\dimen294
\pgf@zy=\dimen295
)
(/home/fmccastro/.miktex/texmfs/install/tex/generic/pgf/basiclayer/pgfcorepathc
onstruct.code.tex
File: pgfcorepathconstruct.code.tex 2023-01-15 v3.1.10 (3.1.10)
\pgf@path@lastx=\dimen296
\pgf@path@lasty=\dimen297
)
(/home/fmccastro/.miktex/texmfs/install/tex/generic/pgf/basiclayer/pgfcorepathu
sage.code.tex
File: pgfcorepathusage.code.tex 2023-01-15 v3.1.10 (3.1.10)
\pgf@shorten@end@additional=\dimen298
\pgf@shorten@start@additional=\dimen299
)
(/home/fmccastro/.miktex/texmfs/install/tex/generic/pgf/basiclayer/pgfcorescope
s.code.tex
File: pgfcorescopes.code.tex 2023-01-15 v3.1.10 (3.1.10)
\pgfpic=\box72
\pgf@hbox=\box73
\pgf@layerbox@main=\box74
\pgf@picture@serial@count=\count367
)
(/home/fmccastro/.miktex/texmfs/install/tex/generic/pgf/basiclayer/pgfcoregraph
icstate.code.tex
File: pgfcoregraphicstate.code.tex 2023-01-15 v3.1.10 (3.1.10)
\pgflinewidth=\dimen300
)
(/home/fmccastro/.miktex/texmfs/install/tex/generic/pgf/basiclayer/pgfcoretrans
formations.code.tex
File: pgfcoretransformations.code.tex 2023-01-15 v3.1.10 (3.1.10)
\pgf@pt@x=\dimen301
\pgf@pt@y=\dimen302
\pgf@pt@temp=\dimen303
)
(/home/fmccastro/.miktex/texmfs/install/tex/generic/pgf/basiclayer/pgfcorequick
.code.tex
File: pgfcorequick.code.tex 2023-01-15 v3.1.10 (3.1.10)
)
(/home/fmccastro/.miktex/texmfs/install/tex/generic/pgf/basiclayer/pgfcoreobjec
ts.code.tex
File: pgfcoreobjects.code.tex 2023-01-15 v3.1.10 (3.1.10)
)
(/home/fmccastro/.miktex/texmfs/install/tex/generic/pgf/basiclayer/pgfcorepathp
rocessing.code.tex
File: pgfcorepathprocessing.code.tex 2023-01-15 v3.1.10 (3.1.10)
)
(/home/fmccastro/.miktex/texmfs/install/tex/generic/pgf/basiclayer/pgfcorearrow
s.code.tex
File: pgfcorearrows.code.tex 2023-01-15 v3.1.10 (3.1.10)
\pgfarrowsep=\dimen304
)
(/home/fmccastro/.miktex/texmfs/install/tex/generic/pgf/basiclayer/pgfcoreshade
.code.tex
File: pgfcoreshade.code.tex 2023-01-15 v3.1.10 (3.1.10)
\pgf@max=\dimen305
\pgf@sys@shading@range@num=\count368
\pgf@shadingcount=\count369
)
(/home/fmccastro/.miktex/texmfs/install/tex/generic/pgf/basiclayer/pgfcoreimage
.code.tex
File: pgfcoreimage.code.tex 2023-01-15 v3.1.10 (3.1.10)
)
(/home/fmccastro/.miktex/texmfs/install/tex/generic/pgf/basiclayer/pgfcoreexter
nal.code.tex
File: pgfcoreexternal.code.tex 2023-01-15 v3.1.10 (3.1.10)
\pgfexternal@startupbox=\box75
)
(/home/fmccastro/.miktex/texmfs/install/tex/generic/pgf/basiclayer/pgfcorelayer
s.code.tex
File: pgfcorelayers.code.tex 2023-01-15 v3.1.10 (3.1.10)
)
(/home/fmccastro/.miktex/texmfs/install/tex/generic/pgf/basiclayer/pgfcoretrans
parency.code.tex
File: pgfcoretransparency.code.tex 2023-01-15 v3.1.10 (3.1.10)
)
(/home/fmccastro/.miktex/texmfs/install/tex/generic/pgf/basiclayer/pgfcorepatte
rns.code.tex
File: pgfcorepatterns.code.tex 2023-01-15 v3.1.10 (3.1.10)
)
(/home/fmccastro/.miktex/texmfs/install/tex/generic/pgf/basiclayer/pgfcorerdf.c
ode.tex
File: pgfcorerdf.code.tex 2023-01-15 v3.1.10 (3.1.10)
)))
(/home/fmccastro/.miktex/texmfs/install/tex/generic/pgf/modules/pgfmoduleshapes
.code.tex
File: pgfmoduleshapes.code.tex 2023-01-15 v3.1.10 (3.1.10)
\pgfnodeparttextbox=\box76
)
(/home/fmccastro/.miktex/texmfs/install/tex/generic/pgf/modules/pgfmoduleplot.c
ode.tex
File: pgfmoduleplot.code.tex 2023-01-15 v3.1.10 (3.1.10)
)
(/home/fmccastro/.miktex/texmfs/install/tex/latex/pgf/compatibility/pgfcomp-ver
sion-0-65.sty
Package: pgfcomp-version-0-65 2023-01-15 v3.1.10 (3.1.10)
\pgf@nodesepstart=\dimen306
\pgf@nodesepend=\dimen307
)
(/home/fmccastro/.miktex/texmfs/install/tex/latex/pgf/compatibility/pgfcomp-ver
sion-1-18.sty
Package: pgfcomp-version-1-18 2023-01-15 v3.1.10 (3.1.10)
)) (/home/fmccastro/.miktex/texmfs/install/tex/latex/pgf/utilities/pgffor.sty (
/home/fmccastro/.miktex/texmfs/install/tex/latex/pgf/utilities/pgfkeys.sty
(/home/fmccastro/.miktex/texmfs/install/tex/generic/pgf/utilities/pgfkeys.code.
tex)) (/home/fmccastro/.miktex/texmfs/install/tex/latex/pgf/math/pgfmath.sty (/
home/fmccastro/.miktex/texmfs/install/tex/generic/pgf/math/pgfmath.code.tex))
(/home/fmccastro/.miktex/texmfs/install/tex/generic/pgf/utilities/pgffor.code.t
ex
Package: pgffor 2023-01-15 v3.1.10 (3.1.10)
\pgffor@iter=\dimen308
\pgffor@skip=\dimen309
\pgffor@stack=\toks63
\pgffor@toks=\toks64
))
(/home/fmccastro/.miktex/texmfs/install/tex/generic/pgf/frontendlayer/tikz/tikz
.code.tex
Package: tikz 2023-01-15 v3.1.10 (3.1.10)

(/home/fmccastro/.miktex/texmfs/install/tex/generic/pgf/libraries/pgflibraryplo
thandlers.code.tex
File: pgflibraryplothandlers.code.tex 2023-01-15 v3.1.10 (3.1.10)
\pgf@plot@mark@count=\count370
\pgfplotmarksize=\dimen310
)
\tikz@lastx=\dimen311
\tikz@lasty=\dimen312
\tikz@lastxsaved=\dimen313
\tikz@lastysaved=\dimen314
\tikz@lastmovetox=\dimen315
\tikz@lastmovetoy=\dimen316
\tikzleveldistance=\dimen317
\tikzsiblingdistance=\dimen318
\tikz@figbox=\box77
\tikz@figbox@bg=\box78
\tikz@tempbox=\box79
\tikz@tempbox@bg=\box80
\tikztreelevel=\count371
\tikznumberofchildren=\count372
\tikznumberofcurrentchild=\count373
\tikz@fig@count=\count374

(/home/fmccastro/.miktex/texmfs/install/tex/generic/pgf/modules/pgfmodulematrix
.code.tex
File: pgfmodulematrix.code.tex 2023-01-15 v3.1.10 (3.1.10)
\pgfmatrixcurrentrow=\count375
\pgfmatrixcurrentcolumn=\count376
\pgf@matrix@numberofcolumns=\count377
)
\tikz@expandcount=\count378

(/home/fmccastro/.miktex/texmfs/install/tex/generic/pgf/frontendlayer/tikz/libr
aries/tikzlibrarytopaths.code.tex
File: tikzlibrarytopaths.code.tex 2023-01-15 v3.1.10 (3.1.10)
)))
(/home/fmccastro/.miktex/texmfs/install/tex/generic/pgf/frontendlayer/tikz/libr
aries/tikzlibrary3d.code.tex
File: tikzlibrary3d.code.tex 2023-01-15 v3.1.10 (3.1.10)
)
(/home/fmccastro/.miktex/texmfs/install/tex/generic/pgf/frontendlayer/tikz/libr
aries/tikzlibraryperspective.code.tex
File: tikzlibraryperspective.code.tex 2023-01-15 v3.1.10 (3.1.10)
)
(/home/fmccastro/.miktex/texmfs/install/tex/generic/pgf/frontendlayer/tikz/libr
aries/datavisualization/tikzlibrarydatavisualization.code.tex
File: tikzlibrarydatavisualization.code.tex 2023-01-15 v3.1.10 (3.1.10)

(/home/fmccastro/.miktex/texmfs/install/tex/generic/pgf/modules/pgfmoduledatavi
sualization.code.tex
File: pgfmoduledatavisualization.code.tex 2023-01-15 v3.1.10 (3.1.10)

(/home/fmccastro/.miktex/texmfs/install/tex/generic/pgf/modules/pgfmoduleoo.cod
e.tex
\pgfoo@objectcount=\count379
\pgfoothis@count=\count380
\pgfoo@toks=\toks65
)
(/home/fmccastro/.miktex/texmfs/install/tex/generic/pgf/libraries/pgflibraryfpu
.code.tex)
\pgf@lib@dv@cache@count=\count381
\pgf@lib@dv@cache@count=\count382
)
(/home/fmccastro/.miktex/texmfs/install/tex/generic/pgf/frontendlayer/tikz/libr
aries/tikzlibrarybackgrounds.code.tex
File: tikzlibrarybackgrounds.code.tex 2023-01-15 v3.1.10 (3.1.10)
\pgf@layerbox@background=\box81
\pgf@layerboxsaved@background=\box82
)
\tikzdvvisualizercounter=\count383
) (/home/fmccastro/.miktex/texmfs/install/tex/latex/tools/multicol.sty
Package: multicol 2023/03/30 v1.9f multicolumn formatting (FMi)
\c@tracingmulticols=\count384
\mult@box=\box83
\multicol@leftmargin=\dimen319
\c@unbalance=\count385
\c@collectmore=\count386
\doublecol@number=\count387
\multicoltolerance=\count388
\multicolpretolerance=\count389
\full@width=\dimen320
\page@free=\dimen321
\premulticols=\dimen322
\postmulticols=\dimen323
\multicolsep=\skip94
\multicolbaselineskip=\skip95
\partial@page=\box84
\last@line=\box85
\mc@boxedresult=\box86
\maxbalancingoverflow=\dimen324
\mult@rightbox=\box87
\mult@grightbox=\box88
\mult@firstbox=\box89
\mult@gfirstbox=\box90
\@tempa=\box91
\@tempa=\box92
\@tempa=\box93
\@tempa=\box94
\@tempa=\box95
\@tempa=\box96
\@tempa=\box97
\@tempa=\box98
\@tempa=\box99
\@tempa=\box100
\@tempa=\box101
\@tempa=\box102
\@tempa=\box103
\@tempa=\box104
\@tempa=\box105
\@tempa=\box106
\@tempa=\box107
\@tempa=\box108
\@tempa=\box109
\@tempa=\box110
\@tempa=\box111
\@tempa=\box112
\@tempa=\box113
\@tempa=\box114
\@tempa=\box115
\@tempa=\box116
\@tempa=\box117
\@tempa=\box118
\@tempa=\box119
\@tempa=\box120
\@tempa=\box121
\@tempa=\box122
\@tempa=\box123
\@tempa=\box124
\@tempa=\box125
\@tempa=\box126
\c@minrows=\count390
\c@columnbadness=\count391
\c@finalcolumnbadness=\count392
\last@try=\dimen325
\multicolovershoot=\dimen326
\multicolundershoot=\dimen327
\mult@nat@firstbox=\box127
\colbreak@box=\box128
\mc@col@check@num=\count393
) (/home/fmccastro/.miktex/texmfs/install/tex/latex/changepage/changepage.sty
Package: changepage 2009/10/20 v1.0c check page and change page layout
\c@cp@cntr=\count394
\cp@tempcnt=\count395
) (/home/fmccastro/.miktex/texmfs/install/tex/latex/caption/caption.sty
Package: caption 2023/08/05 v3.6o Customizing captions (AR)
(/home/fmccastro/.miktex/texmfs/install/tex/latex/caption/caption3.sty
Package: caption3 2023/07/31 v2.4d caption3 kernel (AR)
\caption@tempdima=\dimen328
\captionmargin=\dimen329
\caption@leftmargin=\dimen330
\caption@rightmargin=\dimen331
\caption@width=\dimen332
\caption@indent=\dimen333
\caption@parindent=\dimen334
\caption@hangindent=\dimen335
Package caption Info: Standard document class detected.
)
\c@caption@flags=\count396
\c@continuedfloat=\count397
Package caption Info: changepage package is loaded.
\caption@adjustwidth@hsize=\dimen336
\caption@adjustwidth@linewidth=\dimen337
Package caption Info: float package is loaded.
Package caption Info: hyperref package is loaded.
Package caption Info: hypcap package is loaded.
Package caption Info: longtable package is loaded.
(/home/fmccastro/.miktex/texmfs/install/tex/latex/caption/ltcaption.sty
Package: ltcaption 2021/01/08 v1.4c longtable captions (AR)
)
Package caption Info: rotating package is loaded.
Package caption Info: subfigure package is loaded.
Package caption Info: supertabular package is loaded.
Package caption Info: wrapfig package is loaded.
) (/home/fmccastro/.miktex/texmfs/install/tex/latex/blindtext/blindtext.sty
Package: blindtext 2012/01/06 V2.0 blindtext-Package
(/home/fmccastro/.miktex/texmfs/install/tex/latex/tools/xspace.sty
Package: xspace 2014/10/28 v1.13 Space after command names (DPC,MH)
)
\c@blindtext=\count398
\c@Blindtext=\count399
\c@blind@countparstart=\count400
\blind@countxx=\count401
\blindtext@numBlindtext=\count402
\blind@countyy=\count403
\c@blindlist=\count404
\c@blindlistlevel=\count405
\c@blindlist@level=\count406
\blind@listitem=\count407
\c@blind@listcount=\count408
\c@blind@levelcount=\count409
\blind@mathformula=\count410
\blind@Mathformula=\count411
\c@blind@randomcount=\count412
\c@blind@randommax=\count413
\c@blind@pangramcount=\count414
\c@blind@pangrammax=\count415
) (/home/fmccastro/.miktex/texmfs/install/tex/latex/tools/verbatim.sty
Package: verbatim 2023-11-06 v1.5v LaTeX2e package for verbatim enhancements
\every@verbatim=\toks66
\verbatim@line=\toks67
\verbatim@in@stream=\read4
) (/home/fmccastro/.miktex/texmfs/install/tex/latex/paracol/paracol.sty
Package: paracol 2018/12/31 v1.35 
\pcol@currcol=\count416
\pcol@nextcol=\count417
\pcol@ncol=\count418
\pcol@ncolleft=\count419
\pcol@page=\count420
\pcol@basepage=\count421
\pcol@toppage=\count422
\pcol@footnotebase=\count423
\pcol@nfootnotes=\count424
\pcol@mcid=\count425
\pcol@prevdepth=\dimen338
\pcol@colht=\dimen339
\pcol@textfloatsep=\dimen340
\pcol@lrmargin=\dimen341
\pagerim=\dimen342
\pcol@topskip=\skip96
\belowfootnoteskip=\skip97
\pcol@topfnotes=\box129
\pcol@prespan=\box130
\pcol@rightpage=\box131
\pcol@colorstack@saved=\box132
\pcol@tempboxa=\box133
\pcol@tempboxb=\box134
\pcol@colorins=\insert252
\pcol@everyvbox=\toks68
) (/home/fmccastro/.miktex/texmfs/install/tex/latex/pgfplots/pgfplots.sty
(/home/fmccastro/.miktex/texmfs/install/tex/generic/pgfplots/pgfplots.revision.
tex)
Package: pgfplots 2021/05/15 v1.18.1 Data Visualization (1.18.1)
(/home/fmccastro/.miktex/texmfs/install/tex/generic/pgfplots/pgfplots.code.tex
(/home/fmccastro/.miktex/texmfs/install/tex/generic/pgfplots/pgfplotscore.code.
tex
\t@pgfplots@toka=\toks69
\t@pgfplots@tokb=\toks70
\t@pgfplots@tokc=\toks71
\pgfplots@tmpa=\dimen343
\c@pgfplots@coordindex=\count426
\c@pgfplots@scanlineindex=\count427

(/home/fmccastro/.miktex/texmfs/install/tex/generic/pgfplots/sys/pgfplotssysgen
eric.code.tex))
(/home/fmccastro/.miktex/texmfs/install/tex/generic/pgfplots/libs/pgfplotslibra
ry.code.tex)
(/home/fmccastro/.miktex/texmfs/install/tex/generic/pgfplots/oldpgfcompatib/pgf
plotsoldpgfsupp_loader.code.tex
Package pgfplots: loading complementary utilities for your pgf version...
\t@pgf@toka=\toks72
\t@pgf@tokb=\toks73
\t@pgf@tokc=\toks74

(/home/fmccastro/.miktex/texmfs/install/tex/generic/pgfplots/oldpgfcompatib/pgf
plotsoldpgfsupp_pgfutil-common-lists.tex))
(/home/fmccastro/.miktex/texmfs/install/tex/generic/pgfplots/util/pgfplotsutil.
code.tex
(/home/fmccastro/.miktex/texmfs/install/tex/generic/pgfplots/liststructure/pgfp
lotsliststructure.code.tex)
(/home/fmccastro/.miktex/texmfs/install/tex/generic/pgfplots/liststructure/pgfp
lotsliststructureext.code.tex)
(/home/fmccastro/.miktex/texmfs/install/tex/generic/pgfplots/liststructure/pgfp
lotsarray.code.tex
\c@pgfplotsarray@tmp=\count428
)
(/home/fmccastro/.miktex/texmfs/install/tex/generic/pgfplots/liststructure/pgfp
lotsmatrix.code.tex)
(/home/fmccastro/.miktex/texmfs/install/tex/generic/pgfplots/numtable/pgfplotst
ableshared.code.tex
\c@pgfplotstable@counta=\count429
\t@pgfplotstable@a=\toks75
)
(/home/fmccastro/.miktex/texmfs/install/tex/generic/pgfplots/liststructure/pgfp
lotsdeque.code.tex)
(/home/fmccastro/.miktex/texmfs/install/tex/generic/pgfplots/util/pgfplotsbinar
y.code.tex
(/home/fmccastro/.miktex/texmfs/install/tex/generic/pgfplots/util/pgfplotsbinar
y.data.code.tex))
(/home/fmccastro/.miktex/texmfs/install/tex/generic/pgfplots/util/pgfplotsutil.
verb.code.tex)
(/home/fmccastro/.miktex/texmfs/install/tex/generic/pgfplots/libs/pgflibrarypgf
plots.surfshading.code.tex
\c@pgfplotslibrarysurf@no=\count430

(/home/fmccastro/.miktex/texmfs/install/tex/generic/pgfplots/sys/pgflibrarypgfp
lots.surfshading.pgfsys-pdftex.def)))
(/home/fmccastro/.miktex/texmfs/install/tex/generic/pgfplots/util/pgfplotscolor
map.code.tex
(/home/fmccastro/.miktex/texmfs/install/tex/generic/pgfplots/util/pgfplotscolor
.code.tex))
(/home/fmccastro/.miktex/texmfs/install/tex/generic/pgfplots/pgfplotsstackedplo
ts.code.tex)
(/home/fmccastro/.miktex/texmfs/install/tex/generic/pgfplots/pgfplotsplothandle
rs.code.tex
(/home/fmccastro/.miktex/texmfs/install/tex/generic/pgfplots/pgfplotsmeshplotha
ndler.code.tex
(/home/fmccastro/.miktex/texmfs/install/tex/generic/pgfplots/pgfplotsmeshplotim
age.code.tex)))
(/home/fmccastro/.miktex/texmfs/install/tex/generic/pgfplots/pgfplots.scaling.c
ode.tex)
(/home/fmccastro/.miktex/texmfs/install/tex/generic/pgfplots/pgfplotscoordproce
ssing.code.tex)
(/home/fmccastro/.miktex/texmfs/install/tex/generic/pgfplots/pgfplots.errorbars
.code.tex)
(/home/fmccastro/.miktex/texmfs/install/tex/generic/pgfplots/pgfplots.markers.c
ode.tex)
(/home/fmccastro/.miktex/texmfs/install/tex/generic/pgfplots/pgfplotsticks.code
.tex)
(/home/fmccastro/.miktex/texmfs/install/tex/generic/pgfplots/pgfplots.paths.cod
e.tex)
(/home/fmccastro/.miktex/texmfs/install/tex/generic/pgf/frontendlayer/tikz/libr
aries/tikzlibrarydecorations.code.tex
(/home/fmccastro/.miktex/texmfs/install/tex/generic/pgf/modules/pgfmoduledecora
tions.code.tex
\pgfdecoratedcompleteddistance=\dimen344
\pgfdecoratedremainingdistance=\dimen345
\pgfdecoratedinputsegmentcompleteddistance=\dimen346
\pgfdecoratedinputsegmentremainingdistance=\dimen347
\pgf@decorate@distancetomove=\dimen348
\pgf@decorate@repeatstate=\count431
\pgfdecorationsegmentamplitude=\dimen349
\pgfdecorationsegmentlength=\dimen350
)
\tikz@lib@dec@box=\box135
)
(/home/fmccastro/.miktex/texmfs/install/tex/generic/pgf/frontendlayer/tikz/libr
aries/tikzlibrarydecorations.pathmorphing.code.tex
(/home/fmccastro/.miktex/texmfs/install/tex/generic/pgf/libraries/decorations/p
gflibrarydecorations.pathmorphing.code.tex))
(/home/fmccastro/.miktex/texmfs/install/tex/generic/pgf/frontendlayer/tikz/libr
aries/tikzlibrarydecorations.pathreplacing.code.tex
(/home/fmccastro/.miktex/texmfs/install/tex/generic/pgf/libraries/decorations/p
gflibrarydecorations.pathreplacing.code.tex))
(/home/fmccastro/.miktex/texmfs/install/tex/generic/pgfplots/libs/tikzlibrarypg
fplots.contourlua.code.tex)
\pgfplots@numplots=\count432
\pgfplots@xmin@reg=\dimen351
\pgfplots@xmax@reg=\dimen352
\pgfplots@ymin@reg=\dimen353
\pgfplots@ymax@reg=\dimen354
\pgfplots@zmin@reg=\dimen355
\pgfplots@zmax@reg=\dimen356
)
(/home/fmccastro/.miktex/texmfs/install/tex/generic/pgf/frontendlayer/tikz/libr
aries/tikzlibraryplotmarks.code.tex
File: tikzlibraryplotmarks.code.tex 2023-01-15 v3.1.10 (3.1.10)

(/home/fmccastro/.miktex/texmfs/install/tex/generic/pgf/libraries/pgflibraryplo
tmarks.code.tex
File: pgflibraryplotmarks.code.tex 2023-01-15 v3.1.10 (3.1.10)
))) (/home/fmccastro/.miktex/texmfs/install/tex/latex/pgfplots/pgfplotstable.st
y
(/home/fmccastro/.miktex/texmfs/install/tex/generic/pgfplots/pgfplots.revision.
tex)
Package: pgfplotstable 2021/05/15 v1.18.1 Table typesetting and Pretty-printing
 (1.18.1)

(/home/fmccastro/.miktex/texmfs/install/tex/generic/pgfplots/numtable/pgfplotst
able.code.tex
(/home/fmccastro/.miktex/texmfs/install/tex/generic/pgfplots/numtable/pgfplotst
able.coltype.code.tex)))
(/home/fmccastro/.miktex/texmfs/install/tex/generic/pgfplots/libs/tikzlibrarypg
fplots.external.code.tex
(/home/fmccastro/.miktex/texmfs/install/tex/latex/pgf/frontendlayer/libraries/t
ikzlibraryexternal.code.tex
(/home/fmccastro/.miktex/texmfs/install/tex/generic/pgf/frontendlayer/tikz/libr
aries/tikzexternalshared.code.tex)))
No auxiliary output files.

\w@pgfexternal@auxout=\write8
Package TikZ externalization: calling \geometry{driver=none} during externaliza
tion.

(/home/fmccastro/.miktex/texmfs/install/tex/latex/titlesec/titlesec.sty
Package: titlesec 2023/10/27 v2.16 Sectioning titles
\ttl@box=\box136
\beforetitleunit=\skip98
\aftertitleunit=\skip99
\ttl@plus=\dimen357
\ttl@minus=\dimen358
\ttl@toksa=\toks76
\titlewidth=\dimen359
\titlewidthlast=\dimen360
\titlewidthfirst=\dimen361
)
\c@assumption=\count433
\c@definition=\count434
\c@lemma=\count435
)
LaTeX Font Info:    Trying to load font information for OT1+phv on input line 8
1.
(/home/fmccastro/.miktex/texmfs/install/tex/latex/psnfss/ot1phv.fd
File: ot1phv.fd 2020/03/25 scalable font definitions for OT1/phv.
)
(/home/fmccastro/.miktex/texmfs/install/tex/latex/l3backend/l3backend-pdftex.de
f
File: l3backend-pdftex.def 2024-01-04 L3 backend support: PDF output (pdfTeX)
\l__color_backend_stack_int=\count436
\l__pdf_internal_box=\box137
)
No file Thesis-figure2.aux.
LaTeX Font Info:    Checking defaults for OML/cmm/m/it on input line 81.
LaTeX Font Info:    ... okay on input line 81.
LaTeX Font Info:    Checking defaults for OMS/cmsy/m/n on input line 81.
LaTeX Font Info:    ... okay on input line 81.
LaTeX Font Info:    Checking defaults for OT1/cmr/m/n on input line 81.
LaTeX Font Info:    ... okay on input line 81.
LaTeX Font Info:    Checking defaults for T1/cmr/m/n on input line 81.
LaTeX Font Info:    ... okay on input line 81.
LaTeX Font Info:    Checking defaults for TS1/cmr/m/n on input line 81.
LaTeX Font Info:    ... okay on input line 81.
LaTeX Font Info:    Checking defaults for OMX/cmex/m/n on input line 81.
LaTeX Font Info:    ... okay on input line 81.
LaTeX Font Info:    Checking defaults for U/cmr/m/n on input line 81.
LaTeX Font Info:    ... okay on input line 81.
LaTeX Font Info:    Checking defaults for PD1/pdf/m/n on input line 81.
LaTeX Font Info:    ... okay on input line 81.
LaTeX Font Info:    Checking defaults for PU/pdf/m/n on input line 81.
LaTeX Font Info:    ... okay on input line 81.
*geometry* detected driver: <none>

Package geometry Warning: The marginal notes overrun the paper.
     Add 50.86812pt and more to the right margin.

*geometry* verbose mode - [ preamble ] result:
* driver: \Gm@driver 
* paper: a4paper
* layout: <same size as paper>
* layoutoffset:(h,v)=(0.0pt,0.0pt)
* modes: twoside 
* h-part:(L,W,R)=(71.13188pt, 455.24411pt, 71.13188pt)
* v-part:(T,H,B)=(71.13188pt, 702.78308pt, 71.13188pt)
* \paperwidth=597.50787pt
* \paperheight=845.04684pt
* \textwidth=455.24411pt
* \textheight=702.78308pt
* \oddsidemargin=-1.1381pt
* \evensidemargin=-1.1381pt
* \topmargin=-38.1381pt
* \headheight=12.0pt
* \headsep=25.0pt
* \topskip=10.0pt
* \footskip=30.0pt
* \marginparwidth=111.0pt
* \marginparsep=11.0pt
* \columnsep=10.0pt
* \skip\footins=9.0pt plus 4.0pt minus 2.0pt
* \hoffset=0.0pt
* \voffset=0.0pt
* \mag=1000
* \@twocolumnfalse
* \@twosidetrue
* \@mparswitchtrue
* \@reversemarginfalse
* (1in=72.27pt=25.4mm, 1cm=28.453pt)

(/home/fmccastro/.miktex/texmfs/install/tex/context/base/mkii/supp-pdf.mkii
[Loading MPS to PDF converter (version 2006.09.02).]
\scratchcounter=\count437
\scratchdimen=\dimen362
\scratchbox=\box138
\nofMPsegments=\count438
\nofMParguments=\count439
\everyMPshowfont=\toks77
\MPscratchCnt=\count440
\MPscratchDim=\dimen363
\MPnumerator=\count441
\makeMPintoPDFobject=\count442
\everyMPtoPDFconversion=\toks78
)
(/home/fmccastro/.miktex/texmfs/install/tex/latex/epstopdf-pkg/epstopdf-base.st
y
Package: epstopdf-base 2020-01-24 v2.11 Base part for package epstopdf
Package epstopdf-base Info: Redefining graphics rule for `.eps' on input line 4
85.
(/home/fmccastro/.miktex/texmfs/install/tex/latex/00miktex/epstopdf-sys.cfg
File: epstopdf-sys.cfg 2021/03/18 v2.0 Configuration of epstopdf for MiKTeX
))
\providecommand\hyper@newdestlabel[2]{}
Package hyperref Info: Link coloring ON on input line 81.
(/home/fmccastro/.miktex/texmfs/install/tex/latex/pdflscape/pdflscape.sty
Package: pdflscape 2022-10-27 v0.13 Display of landscape pages in PDF

(/home/fmccastro/.miktex/texmfs/install/tex/latex/pdflscape/pdflscape-nometadat
a.sty
Package: pdflscape-nometadata 2022-10-28 v0.13 Display of landscape pages in PD
F (HO)
(/home/fmccastro/.miktex/texmfs/install/tex/latex/graphics/lscape.sty
Package: lscape 2020/05/28 v3.02 Landscape Pages (DPC)
)
Package pdflscape Info: Auto-detected driver: pdftex on input line 81.
)) ()

Package svg Warning: No version of Inkscape was detected by invoking
(svg)                `inkscape -V'
(svg)                so the Inkscape export will fail quite sure as the
(svg)                command is probably unknown to your OS. You could set
(svg)                `inkscapeversion=<version>' manually but this is very
(svg)                unlikely to work on input line 81.

Package caption Info: Begin \AtBeginDocument code.
Package caption Info: End \AtBeginDocument code.
Package pgfplots notification 'compat/show suggested version=true': document ha
s been generated with the most recent feature set (\pgfplotsset{compat=1.18}).

(Thesis_FrontCover.tex
The command '\includegraphics [bb=9.5cm 11cm 0cm 0cm,scale=0.29]{IST_A_CMYK_POS
}' has been optimized away. Use '/tikz/external/optimize=false' to disable this
.
The command '\includegraphics [height=50mm]{Figures/Airbus_A350.jpg}' has been 
optimized away. Use '/tikz/external/optimize=false' to disable this.
LaTeX Font Info:    Trying to load font information for T1+phv on input line 26
.
(/home/fmccastro/.miktex/texmfs/install/tex/latex/psnfss/t1phv.fd
File: t1phv.fd 2020/03/25 scalable font definitions for T1/phv.
)
LaTeX Font Info:    Trying to load font information for U+msa on input line 38.

(/home/fmccastro/.miktex/texmfs/install/tex/latex/amsfonts/umsa.fd
File: umsa.fd 2013/01/14 v3.01 AMS symbols A
)
LaTeX Font Info:    Trying to load font information for U+msb on input line 38.

(/home/fmccastro/.miktex/texmfs/install/tex/latex/amsfonts/umsb.fd
File: umsb.fd 2013/01/14 v3.01 AMS symbols B
)) (Thesis_Dedication.tex) (Thesis_Declaration.tex) (Thesis_Acknowledgements.te
x) (Thesis_Resumo.tex) (Thesis_Abstract.tex)
No file Thesis-figure2.toc.
No file Thesis-figure2.lot.
No file Thesis-figure2.lof.
(Thesis_Nomenclature.tex)
No file Thesis-figure2.nls.
(Thesis_Acronym.tex
\@gls@deffile=\write9
\openout9 = `Thesis-figure2.glsdefs'.


Package glossaries Warning: Entry `ode' has already been defined in the documen
t environment (ignoring new definition) on input line 71.

)
No file Thesis-figure2.acr.
(Thesis_Introduction.tex
Chapter 1.

Package natbib Warning: Citation `gao:review' on page 1 undefined on input line
 17.


Package natbib Warning: Citation `Yoshida2016' on page 1 undefined on input lin
e 21.

LaTeX Font Info:    Font shape `OT1/phv/m/it' in size <10> not available
(Font)              Font shape `OT1/phv/m/sl' tried instead on input line 21.

Package natbib Warning: Citation `wall:ingenuityHeli' on page 1 undefined on in
put line 21.


Package natbib Warning: Citation `_khatib:handbook_55' on page 1 undefined on i
nput line 31.


Package natbib Warning: Citation `bekker:vehicleConcepts' on page 1 undefined o
n input line 31.


Package natbib Warning: Citation `Thoesen:planetaryRoboticsReview' on page 1 un
defined on input line 31.


Package natbib Warning: Citation `heverty:rockerBogie' on page 2 undefined on i
nput line 33.


Package natbib Warning: Citation `nayar:rockieBogieDesign' on page 2 undefined 
on input line 33.


Package natbib Warning: Citation `thoesen:spv' on page 2 undefined on input lin
e 33.


Package natbib Warning: Citation `shiquan:microspine' on page 2 undefined on in
put line 33.


Package natbib Warning: Citation `manterola:axelRover' on page 2 undefined on i
nput line 33.


LaTeX Warning: Reference `tab:roverAchievements' on page 2 undefined on input l
ine 35.

LaTeX Font Info:    Font shape `OT1/phv/m/it' in size <9> not available
(Font)              Font shape `OT1/phv/m/sl' tried instead on input line 55.

Package natbib Warning: Citation `gao:review' on page 2 undefined on input line
 55.


Package natbib Warning: Citation `ellery:roverSurvey' on page 2 undefined on in
put line 55.


Package natbib Warning: Citation `gao:review' on page 2 undefined on input line
 55.


Package natbib Warning: Citation `nasa:MER' on page 2 undefined on input line 5
5.


Package natbib Warning: Citation `ellery:roverSurvey' on page 2 undefined on in
put line 55.


Package natbib Warning: Citation `gao:review' on page 2 undefined on input line
 55.


Package natbib Warning: Citation `nasa:MER' on page 2 undefined on input line 5
5.


Package natbib Warning: Citation `ellery:roverSurvey' on page 2 undefined on in
put line 55.


Package natbib Warning: Citation `gao:review' on page 2 undefined on input line
 55.


Package natbib Warning: Citation `nasa:MSL' on page 2 undefined on input line 5
5.


Package natbib Warning: Citation `ellery:roverSurvey' on page 2 undefined on in
put line 55.


Package natbib Warning: Citation `nasa:Perseverance' on page 2 undefined on inp
ut line 55.


Package natbib Warning: Citation `cnsa:Zhurong' on page 2 undefined on input li
ne 55.


Package natbib Warning: Citation `gonzalez:slippage' on page 2 undefined on inp
ut line 60.


Overfull \hbox (6.12389pt too wide) in paragraph at lines 60--61
[]\OT1/phv/m/n/10 Although de-ployed rovers have achieved greater cov-er-ages, 
these have also faced slippage-hazardous
 []


Package natbib Warning: Citation `wong:theory' on page 2 undefined on input lin
e 62.


Package natbib Warning: Citation `genta:spaceRobots' on page 2 undefined on inp
ut line 62.


Package natbib Warning: Citation `wong:terra' on page 2 undefined on input line
 62.


Package natbib Warning: Citation `wong:terraBookPerformance' on page 2 undefine
d on input line 62.


Package natbib Warning: Citation `green:slipGround' on page 2 undefined on inpu
t line 62.


LaTeX Warning: Reference `tab:roverHazards' on page 2 undefined on input line 6
2.


Package natbib Warning: Citation `gonzalez:slippage' on page 3 undefined on inp
ut line 88.


Package natbib Warning: Citation `gonzalez:slippage' on page 3 undefined on inp
ut line 88.


Package natbib Warning: Citation `rodriguez:highSpeed' on page 3 undefined on i
nput line 92.


LaTeX Warning: Reference `tab:roverAchievements' on page 3 undefined on input l
ine 92.


Package natbib Warning: Citation `bekker:terra1956' on page 3 undefined on inpu
t line 94.


Package natbib Warning: Citation `bekker:terra1960' on page 3 undefined on inpu
t line 94.


Package natbib Warning: Citation `bekker:terra1969' on page 3 undefined on inpu
t line 94.


Package natbib Warning: Citation `pope:dynamicTerra' on page 3 undefined on inp
ut line 94.


Package natbib Warning: Citation `pope:velocity' on page 3 undefined on input l
ine 94.


Package natbib Warning: Citation `grahn:dynamicTerra' on page 3 undefined on in
put line 94.


Package natbib Warning: Citation `rodriguez:highSpeed' on page 3 undefined on i
nput line 94.


Package natbib Warning: Citation `gonzalez:slippage' on page 3 undefined on inp
ut line 96.


Package natbib Warning: Citation `baumgartner:kinematicIncompatibility' on page
 3 undefined on input line 96.


Package natbib Warning: Citation `coombs:priorScout' on page 4 undefined on inp
ut line 98.


Package natbib Warning: Citation `urmson:priorScout' on page 4 undefined on inp
ut line 98.

) (Thesis_State_of_the_art.tex
Chapter 2.

Package natbib Warning: Citation `Burgard2016' on page 5 undefined on input lin
e 19.


LaTeX Warning: Reference `fig:worldsMaps' on page 5 undefined on input line 25.



(/home/fmccastro/.miktex/texmfs/install/tex/generic/pgf/frontendlayer/tikz/libr
aries/tikzlibraryfit.code.tex
File: tikzlibraryfit.code.tex 2023-01-15 v3.1.10 (3.1.10)
)
(/home/fmccastro/.miktex/texmfs/install/tex/generic/pgf/frontendlayer/tikz/libr
aries/tikzlibrarymatrix.code.tex
File: tikzlibrarymatrix.code.tex 2023-01-15 v3.1.10 (3.1.10)
)
(/home/fmccastro/.miktex/texmfs/install/tex/generic/pgf/frontendlayer/tikz/libr
aries/tikzlibraryshapes.geometric.code.tex
File: tikzlibraryshapes.geometric.code.tex 2023-01-15 v3.1.10 (3.1.10)

(/home/fmccastro/.miktex/texmfs/install/tex/generic/pgf/libraries/shapes/pgflib
raryshapes.geometric.code.tex
File: pgflibraryshapes.geometric.code.tex 2023-01-15 v3.1.10 (3.1.10)
))
A tikzpicture has been optimized away. Use '/tikz/external/optimize=false' to d
isable this.

Package natbib Warning: Citation `fankhauser2014robot' on page 5 undefined on i
nput line 55.


Package natbib Warning: Citation `Correal2011' on page 5 undefined on input lin
e 55.


Package natbib Warning: Citation `Smith2001' on page 5 undefined on input line 
55.


Package natbib Warning: Citation `Jayasekara2012' on page 5 undefined on input 
line 55.


Package natbib Warning: Citation `Correal2011' on page 5 undefined on input lin
e 55.


Package natbib Warning: Citation `Burgard2016' on page 5 undefined on input lin
e 55.


Package natbib Warning: Citation `Jayasekara2012' on page 5 undefined on input 
line 57.


Package natbib Warning: Citation `Amorim2014' on page 6 undefined on input line
 61.


Package natbib Warning: Citation `Yokokohji2007' on page 6 undefined on input l
ine 61.


Package natbib Warning: Citation `Amorim2014' on page 6 undefined on input line
 61.


Package natbib Warning: Citation `Ishigami2007PathPlanning' on page 6 undefined
 on input line 61.


Package natbib Warning: Citation `Amorim2014' on page 6 undefined on input line
 61.


Package natbib Warning: Citation `Ishigami2007PathPlanning' on page 6 undefined
 on input line 61.


Package natbib Warning: Citation `Ventura2015' on page 6 undefined on input lin
e 61.


Package natbib Warning: Citation `Brooks2012self' on page 6 undefined on input 
line 63.


Package natbib Warning: Citation `Fankhauser2016GridMapLibrary' on page 6 undef
ined on input line 65.

) (Thesis_Proposed_Approach.tex
Chapter 3.

Package natbib Warning: Citation `rawlings:MPC' on page 7 undefined on input li
ne 19.


Package natbib Warning: Citation `grune:NMPC' on page 7 undefined on input line
 19.


LaTeX Warning: Reference `section:costMap' on page 7 undefined on input line 34
.


Package natbib Warning: Citation `Amorim2014' on page 7 undefined on input line
 34.


Package natbib Warning: Citation `Ishigami2007PathPlanning' on page 7 undefined
 on input line 34.


Package natbib Warning: Citation `Foote2010' on page 8 undefined on input line 
44.

The command '\includegraphics [width=0.25\linewidth ]{Figures/robotMovingFrame.
png}' has been optimized away. Use '/tikz/external/optimize=false' to disable t
his.
The command '\includegraphics [width=0.32\linewidth ]{Figures/robotGeometry.png
}' has been optimized away. Use '/tikz/external/optimize=false' to disable this
.
The command '\includegraphics [width=0.32\linewidth ]{Figures/ICR.png}' has bee
n optimized away. Use '/tikz/external/optimize=false' to disable this.

Package natbib Warning: Citation `Kozlowski2004' on page 8 undefined on input l
ine 59.


Package natbib Warning: Citation `Kozlowski2004' on page 8 undefined on input l
ine 59.


LaTeX Warning: Reference `eq:rotationMatrixW2B' on page 8 undefined on input li
ne 63.


LaTeX Warning: Reference `eq:orientationQuatRotationMatrix' on page 8 undefined
 on input line 63.


LaTeX Warning: Reference `eq:translationFreeBody' on page 8 undefined on input 
line 83.


LaTeX Warning: Reference `eq:rotationFreeBody' on page 8 undefined on input lin
e 83.


Package natbib Warning: Citation `Kozlowski2004' on page 8 undefined on input l
ine 83.


Package natbib Warning: Citation `Iagnemma2004' on page 8 undefined on input li
ne 86.


LaTeX Warning: Reference `fig:wheelForcesMoments' on page 8 undefined on input 
line 90.


LaTeX Warning: Reference `eq:3dICR' on page 9 undefined on input line 105.


LaTeX Warning: Reference `assumption:fullContact' on page 9 undefined on input 
line 153.


LaTeX Warning: Reference `assumption:velTangent' on page 9 undefined on input l
ine 153.


LaTeX Warning: Reference `assumption:singlePointContact' on page 10 undefined o
n input line 155.


LaTeX Warning: Reference `eq:rotationMatrixB2T' on page 10 undefined on input l
ine 155.


LaTeX Warning: Reference `eq:wheelVelT' on page 10 undefined on input line 167.



LaTeX Warning: Reference `fig:wheelKinematics' on page 10 undefined on input li
ne 167.

A tikzpicture has been optimized away. Use '/tikz/external/optimize=false' to d
isable this.
\openout8 = `Thesis-figure2.dpth'.

[10

\providecommand\@newglossary[4]{}
\@newglossary{main}{glg}{gls}{glo}
\@newglossary{acronym}{alg}{acr}{acn}
\providecommand\@glsorder[1]{}
\providecommand\@istfilename[1]{}
\@istfilename{Thesis-figure2.ist}
\@glsorder{word}
\openout4 = `Thesis-figure2.ist'.

{/home/fmccastro/.miktex/texmfs/data/fonts/map/pdftex/pdftex.map}]

Package natbib Warning: Citation `IagnemmaDubowsy2004' on page 10 undefined on 
input line 266.


Package natbib Warning: Citation `IagnemmaDubowsy2004' on page 10 undefined on 
input line 266.


LaTeX Warning: Reference `eq:kinematicConstraint_vBx' on page 10 undefined on i
nput line 288.


LaTeX Warning: Reference `eq:kinematicConstraint_vBy' on page 10 undefined on i
nput line 288.


Package natbib Warning: Citation `Peiret2021' on page 11 undefined on input lin
e 351.


LaTeX Warning: Reference `eq:relativeVelocity' on page 12 undefined on input li
ne 363.


LaTeX Warning: Reference `fig:mobRobotSystems' on page 12 undefined on input li
ne 373.

A tikzpicture has been optimized away. Use '/tikz/external/optimize=false' to d
isable this.

Package natbib Warning: Citation `Yoshida2016' on page 12 undefined on input li
ne 399.


Package natbib Warning: Citation `Yoshida2016' on page 12 undefined on input li
ne 399.

A tikzpicture has been optimized away. Use '/tikz/external/optimize=false' to d
isable this.
A tikzpicture has been optimized away. Use '/tikz/external/optimize=false' to d
isable this.
A tikzpicture has been optimized away. Use '/tikz/external/optimize=false' to d
isable this.

LaTeX Warning: Reference `subsection:contactAngles' on page 12 undefined on inp
ut line 533.


LaTeX Warning: Reference `fig:wheelForcesMoments' on page 12 undefined on input
 line 533.


LaTeX Warning: Reference `eq:dynamics' on page 12 undefined on input line 533.


LaTeX Warning: Reference `eq:dynamics' on page 13 undefined on input line 547.


LaTeX Warning: Reference `eq:vectorDiff2' on page 13 undefined on input line 54
7.


LaTeX Warning: Reference `fig:wheelForcesMoments' on page 13 undefined on input
 line 553.


LaTeX Warning: Reference `eq:rotationMatrixB2T' on page 13 undefined on input l
ine 563.


LaTeX Warning: Reference `eq:momentsNeglected' on page 14 undefined on input li
ne 582.


LaTeX Warning: Reference `eq:wheelSpinRate' on page 14 undefined on input line 
606.


LaTeX Warning: Reference `fig:contactModels' on page 14 undefined on input line
 619.


Package natbib Warning: Citation `Genta2012' on page 14 undefined on input line
 619.


Package natbib Warning: Citation `Yoshida2016' on page 14 undefined on input li
ne 619.

The command '\includegraphics [width=0.15\linewidth ]{Figures/rigid_rigid.png}'
 has been optimized away. Use '/tikz/external/optimize=false' to disable this.
The command '\includegraphics [width=0.15\linewidth ]{Figures/rigid_deformable.
png}' has been optimized away. Use '/tikz/external/optimize=false' to disable t
his.
The command '\includegraphics [width=0.15\linewidth ]{Figures/deformable_rigid.
png}' has been optimized away. Use '/tikz/external/optimize=false' to disable t
his.
The command '\includegraphics [width=0.15\linewidth ]{Figures/deformable_deform
able.png}' has been optimized away. Use '/tikz/external/optimize=false' to disa
ble this.

Package natbib Warning: Citation `Yoshida2016' on page 14 undefined on input li
ne 629.


Package natbib Warning: Citation `Yoshida2016' on page 14 undefined on input li
ne 629.


Package natbib Warning: Citation `Yoshida2016' on page 14 undefined on input li
ne 633.


LaTeX Warning: Reference `eq:coulombFrictionModel' on page 15 undefined on inpu
t line 654.


LaTeX Warning: Reference `eq:sameFrictionCoefficients' on page 15 undefined on 
input line 661.


LaTeX Warning: Reference `eq:simpleFriction' on page 16 undefined on input line
 668.


LaTeX Warning: Reference `eq:simpleFriction' on page 16 undefined on input line
 668.


LaTeX Warning: Reference `eq:friction' on page 16 undefined on input line 679.


LaTeX Warning: Reference `eq:friction' on page 16 undefined on input line 679.


LaTeX Warning: Reference `eq:friction' on page 16 undefined on input line 679.


Package hyperref Warning: Ignoring empty anchor on input line 700.


LaTeX Warning: Reference `eq:sumtractions' on page 17 undefined on input line 7
31.


LaTeX Warning: Reference `eq:sumMomentsTraction' on page 17 undefined on input 
line 731.


LaTeX Warning: Reference `eq:frictionMomentForce' on page 17 undefined on input
 line 732.


LaTeX Warning: Reference `eq:sumGravityReaction' on page 17 undefined on input 
line 732.

) (Thesis_Background.tex
Chapter 4.

LaTeX Warning: Reference `subsection:costMapGen' on page 19 undefined on input 
line 19.


LaTeX Warning: Reference `eq:disc2layerMapFunc' on page 19 undefined on input l
ine 24.


LaTeX Warning: Reference `eq:mapsDomainEq' on page 19 undefined on input line 2
4.


Package hyperref Warning: Token not allowed in a PDF string (Unicode):
(hyperref)                removing `\acrlong' on input line 42.


Package natbib Warning: Citation `Sethian1999' on page 19 undefined on input li
ne 45.


Underfull \vbox (badness 10000) has occurred while \output is active []


Package natbib Warning: Citation `Ventura2015' on page 20 undefined on input li
ne 57.


LaTeX Warning: Reference `eq:eikonalEquation' on page 20 undefined on input lin
e 59.

) (Thesis_Path_Planning.tex
Chapter 5.

LaTeX Warning: Reference `subsection:worldModelling' on page 21 undefined on in
put line 22.


Package natbib Warning: Citation `Amorim2014' on page 21 undefined on input lin
e 22.


Package natbib Warning: Citation `Ishigami2007PathPlanning' on page 21 undefine
d on input line 22.


Package natbib Warning: Citation `Amorim2014' on page 21 undefined on input lin
e 27.


LaTeX Warning: Reference `eq:rollPitchInitialGuess' on page 21 undefined on inp
ut line 31.


LaTeX Warning: Reference `eq:minHeight' on page 22 undefined on input line 43.


LaTeX Warning: Reference `eq:minHeight' on page 22 undefined on input line 43.


LaTeX Warning: Reference `alg:slopeMinHeight' on page 22 undefined on input lin
e 43.


LaTeX Warning: Reference `eq:inclination' on page 22 undefined on input line 43
.


Package natbib Warning: Citation `Amorim2014' on page 22 undefined on input lin
e 43.


LaTeX Warning: Reference `alg:slopeMinHeight' on page 22 undefined on input lin
e 43.


LaTeX Warning: Reference `section:problemFormulation' on page 22 undefined on i
nput line 43.


Overfull \hbox (28.49971pt too wide) in alignment at lines 60--60
 [][][] []
 []

Package hyperref Info: bookmark level for unknown algorithm defaults to 0 on in
put line 82.

LaTeX Warning: Reference `eq:minHeight' on page 22 undefined on input line 82.


LaTeX Warning: Reference `eq:inclination' on page 22 undefined on input line 82
.


LaTeX Warning: Reference `alg:slopeMinHeight' on page 22 undefined on input lin
e 95.


LaTeX Warning: Reference `alg:slopeMinHeightMap' on page 22 undefined on input 
line 106.


LaTeX Warning: Reference `alg:slopeMinHeight' on page 22 undefined on input lin
e 106.


LaTeX Warning: Reference `eq:robotHullArea' on page 22 undefined on input line 
106.


LaTeX Warning: Reference `subsection:heightMinimization' on page 23 undefined o
n input line 151.


LaTeX Warning: Reference `eq:contHeightStd' on page 23 undefined on input line 
151.


LaTeX Warning: Reference `subsection:heightMinimization' on page 23 undefined o
n input line 151.


LaTeX Warning: Reference `eq:maxRoughness' on page 23 undefined on input line 1
55.


LaTeX Warning: Reference `eq:contAverageHeight' on page 23 undefined on input l
ine 157.


LaTeX Warning: Reference `eq:contHeightStd' on page 23 undefined on input line 
157.


LaTeX Warning: Reference `section:gaussQuadrature' on page 23 undefined on inpu
t line 157.


LaTeX Warning: Reference `section:boltzmanOperator' on page 24 undefined on inp
ut line 167.


LaTeX Warning: Reference `subsection:heightMinimization' on page 24 undefined o
n input line 176.


LaTeX Warning: Reference `eq:inclination' on page 24 undefined on input line 18
0.


LaTeX Warning: Reference `subsection:maxTerrainRoughness' on page 24 undefined 
on input line 181.


LaTeX Warning: Reference `alg:slopeMinHeightMap' on page 24 undefined on input 
line 191.


LaTeX Warning: Reference `tab:robotDimensions' on page 24 undefined on input li
ne 196.


LaTeX Warning: Reference `tab:heightmapsDims' on page 24 undefined on input lin
e 196.


Package natbib Warning: Citation `Andersson2018' on page 25 undefined on input 
line 231.


Package natbib Warning: Citation `wachter2006implementation' on page 25 undefin
ed on input line 231.


LaTeX Warning: Reference `fig:hullPoints' on page 25 undefined on input line 23
1.

A tikzpicture has been optimized away. Use '/tikz/external/optimize=false' to d
isable this.
LaTeX Font Info:    Font shape `OT1/phv/m/it' in size <8> not available
(Font)              Font shape `OT1/phv/m/sl' tried instead on input line 274.
A tikzpicture has been optimized away. Use '/tikz/external/optimize=false' to d
isable this.

LaTeX Warning: Reference `subsection:maximumInclination' on page 25 undefined o
n input line 307.


LaTeX Warning: Reference `subsection:maxTerrainRoughness' on page 25 undefined 
on input line 307.


LaTeX Warning: Reference `subsection:heightMinimization' on page 25 undefined o
n input line 307.


LaTeX Warning: Reference `subsection:costMapImplementation' on page 25 undefine
d on input line 315.


LaTeX Warning: Reference `eq:eikonalEquation' on page 25 undefined on input lin
e 315.


Underfull \vbox (badness 10000) has occurred while \output is active []

) (Thesis_Results.tex
Chapter 6.
The command '\includegraphics [width=0.25\textwidth ]{Figures/Airbus_A350.jpg}'
 has been optimized away. Use '/tikz/external/optimize=false' to disable this.
The command '\includegraphics [width=0.49\linewidth ]{Figures/Airbus_A320_shark
lets.png}' has been optimized away. Use '/tikz/external/optimize=false' to disa
ble this.
The command '\includegraphics [width=0.49\linewidth ]{Figures/Bombardier_CRJ200
.png}' has been optimized away. Use '/tikz/external/optimize=false' to disable 
this.

LaTeX Warning: Reference `fig:airbus1' on page 27 undefined on input line 69.


LaTeX Warning: Reference `fig:aircrafts' on page 27 undefined on input line 69.



LaTeX Warning: Reference `fig:algorithm' on page 28 undefined on input line 82.



LaTeX Warning: Reference `eq:continuity' on page 28 undefined on input line 152
.


LaTeX Warning: Reference `eq:momentum' on page 28 undefined on input line 152.


LaTeX Warning: Reference `eq:energy' on page 28 undefined on input line 152.


LaTeX Warning: Reference `eq:NavierStokes' on page 28 undefined on input line 1
52.

LaTeX Font Info:    Trying to load font information for TS1+phv on input line 1
84.
(/home/fmccastro/.miktex/texmfs/install/tex/latex/psnfss/ts1phv.fd
File: ts1phv.fd 2020/03/25 scalable font definitions for TS1/phv.
)

LaTeX Warning: Reference `tab:aeroCoeff' on page 29 undefined on input line 205
.


LaTeX Warning: Reference `tab:memory' on page 29 undefined on input line 207.


LaTeX Warning: Reference `tab:multipleColumns' on page 29 undefined on input li
ne 207.


LaTeX Warning: Reference `tab:multipleRows' on page 29 undefined on input line 
252.


LaTeX Warning: Reference `tab:scale' on page 29 undefined on input line 270.


LaTeX Warning: Reference `fig:side_by_side' on page 29 undefined on input line 
293.

The command '\includegraphics [width=\linewidth ]{Figures/Bombardier_CRJ200}' h
as been optimized away. Use '/tikz/external/optimize=false' to disable this.
) (Thesis_Conclusions.tex
Chapter 7.
)
No file Thesis-figure2.bbl.
(Thesis_Appendix_A.tex
Appendix A.

Overfull \hbox (0.10709pt too wide) detected at line 51
[][][][][]
 []


Package natbib Warning: Citation `Roithmayr2015' on page 33 undefined on input 
line 53.


Package natbib Warning: Citation `Ferdinand2015' on page 34 undefined on input 
line 95.


LaTeX Warning: Reference `eq:vectorDiff' on page 34 undefined on input line 104
.


LaTeX Warning: Reference `eq:gaussLegrendreQuadrature' on page 34 undefined on 
input line 176.

) (Thesis_Appendix_B.tex
Appendix B.
)

Package natbib Warning: There were undefined citations.

 ***********
LaTeX2e <2023-11-01> patch level 1
L3 programming layer <2024-01-22>
 ***********

LaTeX Warning: There were undefined references.

 ) 
Here is how much of TeX's memory you used:
 50395 strings out of 474543
 1159143 string characters out of 5747318
 1946975 words of memory out of 5000000
 71698 multiletter control sequences out of 15000+600000
 596285 words of font info for 118 fonts, out of 8000000 for 9000
 1141 hyphenation exceptions out of 8191
 119i,16n,123p,2429b,827s stack positions out of 10000i,1000n,20000p,200000b,200000s
</home/fmccastro/.miktex/texmfs/install/fonts/type1/public/amsfonts/cm/cmmi6.
pfb></home/fmccastro/.miktex/texmfs/install/fonts/type1/public/amsfonts/cm/cmmi
7.pfb></home/fmccastro/.miktex/texmfs/install/fonts/type1/public/amsfonts/cm/cm
mi8.pfb></home/fmccastro/.miktex/texmfs/install/fonts/type1/public/amsfonts/cm/
cmr6.pfb></home/fmccastro/.miktex/texmfs/install/fonts/type1/public/amsfonts/cm
/cmr7.pfb></home/fmccastro/.miktex/texmfs/install/fonts/type1/public/amsfonts/c
m/cmsy10.pfb>
Output written on Thesis-figure2.pdf (1 page, 55771 bytes).
PDF statistics:
 45 PDF objects out of 1000 (max. 8388607)
 2 named destinations out of 1000 (max. 500000)
 13 words of extra memory for PDF output out of 10000 (max. 10000000)

