This is LuaHBTeX, Version 1.17.1 (MiKTeX 23.12) (format=lualatex 2025.1.8)  8 JAN 2025 18:58
 restricted system commands enabled.
**Thesis_Appendix_B.tex
(./Thesis_Appendix_B.tex
LaTeX2e <2023-11-01> patch level 1
L3 programming layer <2024-01-22>
Lua module: luaotfload 2023-08-31 3.26 Lua based OpenType font support
Lua module: lualibs 2023-07-13 2.76 ConTeXt Lua standard libraries.
Lua module: lualibs-extended 2023-07-13 2.76 ConTeXt Lua libraries -- extended c
ollection.
luaotfload | conf : Root cache directory is "/home/fmccastro/.miktex/texmfs/data
/luatex-cache/generic/names".
luaotfload | init : Loading fontloader "fontloader-2023-08-19.lua" from kpse-res
olved path "/home/fmccastro/.miktex/texmfs/install/tex/luatex/luaotfload/fontloa
der-2023-08-19.lua".
Lua-only attribute luaotfload@noligature = 1
luaotfload | init : Context OpenType loader version 3.133
Inserting `luaotfload.node_processor' in `pre_linebreak_filter'.
Inserting `luaotfload.node_processor' in `hpack_filter'.
Inserting `luaotfload.glyph_stream' in `glyph_stream_provider'.
Inserting `luaotfload.define_font' in `define_font'.
luaotfload | load : FATAL ERROR
luaotfload | load :   × Failed to load "luaotfload" module "database".
luaotfload | load :   × Error message:
luaotfload | load :     × "...fs/install/tex/luatex/luaotfload/luaotfload-datab
ase.lua:204: module 'lua-uni-case' not found:".
luaotfload | load :     × "no field package.preload['lua-uni-case']".
luaotfload | load :     × "[kpse lua searcher] file not found: 'lua-uni-case'".
